-0.9998910183359656
-0.9998910183359656
-0.9998910183359656
-0.9998910183359656
-0.9998910183359656
-0.9998910183359656
-0.9998884979251957
-1.000523726232334
-1.0002550820638856
-0.9998910183359656
-0.9998910183359656
-1.0010421410762858
-0.9998910183359656
-0.9998910183359656
-1.00298755846045
-0.9998910183359656
-1.0060274945435275
-0.9998910183359656
-0.9998910183359656
-0.9998910183359656
-0.9998910183359656
-0.9998910183359656
-1.0004028862906187
-1.001587538847934
-0.9998910183359656
-0.9998910183359656
-0.9997667732566854
-1.006082096330776
-1.006082096330776
-0.9998910183359656
-1.0000744632850682
-1.002917854016947
-0.9998910183359656
-0.9998910183359656
-0.9998910183359656
-0.9998910183359656
-0.9998910183359656
-1.0033536174691673
-0.9998910183359656
-1.0022221387101924
-1.0001343844124633
-1.000634897618998
-1.0062004431684974
-1.0008943772366652
-1.0027758702762446
-1.0027758702762446
-0.9999775658271703
-1.0011269136941103
-1.0064536326575184
-0.9998910183359656
-1.0002233397234956
-1.0018480285848872
-0.9998910183359656
-0.9998910183359656
-1.0054067742158286
-1.0001547253962577
-0.9998910183359656
-1.0007645422960982
-0.9998910183359656
-0.9998910183359656
-0.9998910183359656
-0.9998910183359656
-0.9998910183359656
-1.0006994740212112
-1.0021475424666744
-0.9998910183359656
-0.9998910183359656
-1.0000920757707956
-0.9998910183359656
-1.0004347426616804
-0.9978979231337235
-1.0025926936121907
-1.0016841201698155
-1.0007816117682204
-0.9997458315615767
-1.0017728510244772
-0.9998910183359656
-1.0017095645387173
-1.0039370475577996
-0.9998910183359656
-0.9998910183359656
-0.9998910183359656
-1.0004717073726712
-0.9998910183359656
-1.0018380364229977
-0.9987856247012469
-1.0008066366254313
-1.0007725794820717
-0.9998910183359656
-1.0003003936227517
-0.9998910183359656
-1.0008422886458632
-1.0043408902237043
-0.9998910183359656
-0.9998910183359656
-0.9998910183359656
-1.0022256872258088
-1.000726624293983
-1.000710169808655
-0.9998910183359656
-1.0007114876786423
-1.00016093423491
-1.0019040951201188
-1.0013620139767256
-0.9998910183359656
-1.0017491683967288
-0.9998910183359656
-1.0009963826043755
-0.9996298888689903
-0.9998910183359656
-0.9998910183359656
-1.0031223544363401
-0.9998910183359656
-1.0037626531093018
-1.0064459512149893
-1.0151585271069634
-0.9998910183359656
-0.9998910183359656
-1.0009811340326493
-1.0023222207885205
-0.9999706107349852
-0.9998910183359656
-0.9998910183359656
-0.9998910183359656
-1.0008974904635615
-1.0031080183729877
-0.9998910183359656
-0.9998910183359656
-0.9970964323802707
-1.0004220757717261
-1.001774578980284
-0.9998910183359656
-1.0003510496637609
-1.0020068651854959
-1.0007503721489845
-0.9998910183359656
-0.9998910183359656
-0.9998910183359656
-1.0000509160274442
-1.001816762217766
-1.0014426367873739
-1.0011806937046335
-1.002943045909983
-0.9998910183359656
-1.0012773459450717
-0.9998910183359656
-1.0012187844429863
-0.9998910183359656
-1.0035067981820505
-1.001810109679777
-0.9997988612102106
-1.0151585271069634
-0.9998910183359656
-1.0009757776617323
-1.0017242515191878
-0.9988278980541129
-1.0023222207885205
-0.9988278980541129
-0.99986413600765
-1.0051619571872314
-1.0016982891378023
-1.0004467194907587
-1.0006297317072144
-1.000038985867946
-1.0004726310236385
-1.0010792491173963
-1.0006473856273823
-1.0007158484211889
-1.0003727030034097
-0.9998910183359656
-0.9998910183359656
-0.9998910183359656
-0.9997080922836551
-1.0006020128817763
-1.0010243641738588
-1.0007070797628765
-1.0006310046910578
-1.0013899617095796
-1.0004033834715922
-1.0052569530262307
-1.0015235818208987
-1.0004026354347617
-1.0001667257458098
-0.9998910183359656
-1.0014999560656945
-1.0006886477097003
-0.9998910183359656
-1.0013521706243247
-1.0033033241892917
-0.9998910183359656
-0.9965776258296384
-1.0005372408311848
-0.9998910183359656
-1.000893046479018
-1.0009009683965377
-0.9998910183359656
-1.0036113987120112
-1.000257943964486
-0.9972609860803149
-0.9998910183359656
-0.9998910183359656
-0.9998910183359656
-1.001104552779991
-0.9999752494557437
-1.000464692561268
-1.0010692698323465
-1.0004734354403317
-1.0013712560973498
-1.0034252287988052
-1.0002326852897165
-0.9998910183359656
-0.9998910183359656
-1.0010443346933255
-1.0041323255962027
-1.0039475461546368
-1.00043393494287
-1.0005479157229789
-1.000585814890727
-0.9998910183359656
-1.0021693864946017
-0.9998910183359656
-1.0005669901146403
-0.9998582313511712
-0.9998910183359656
-0.9998910183359656
-1.0001916171300895
-1.0006811057851985
-1.0002549061036423
-0.9998910183359656
-0.9998910183359656
-1.0005336891004943
-1.0013462189958746
-1.0011461117012197
-0.9992742124239757
-1.0016001432837145
-1.0009001848735086
-0.999570890018325
-0.9998910183359656
-1.0004966138016052
-1.0005529084583973
-1.000404849247591
-1.0013342629803055
-0.999259636771872
-0.9998910183359656
-1.0019213543162282
-0.9993652779387933
-0.9992611057727236
-1.0017769110633654
-0.9998910183359656
-1.0000968593240256
-0.9998910183359656
-1.0001585714019816
-1.0013629852631278
-0.9998910183359656
-1.0016078882560495
-0.9998910183359656
-0.9997723312312515
-1.0023222207885205
-0.9998910183359656
-1.0008959920424854
-0.9995353421657281
-1.00068007773397
-1.0002047987377356
-0.9988098097264744
-1.000502289583733
-1.0001256867766872
-0.9998910183359656
-1.0006862685905844
-1.000989265874328
-1.0012284790845114
-0.9997029946993146
-1.0000286356521046
-1.0001442333986459
-1.0010386896202805
-0.9998910183359656
-0.998286378556002
-1.0046774228637254
-0.9998910183359656
-1.001202155254251
-1.0060274945435275
-1.0029110463094772
-1.0033917891035053
-0.9998910183359656
-1.0048718734318343
-1.0008239880704104
-1.0013552774570904
-1.00064555172017
-1.0027609413028962
-1.003067629892517
-0.9998910183359656
-1.0015511706526263
-1.0001332529703317
-0.9998910183359656
-1.000945566452544
-1.0003783305070468
-0.9998910183359656
-0.9987233266544807
-1.003545531040417
-0.9998910183359656
-0.9998910183359656
-1.000665328846043
-1.002518040722494
-0.9998910183359656
-0.9998910183359656
-0.9998910183359656
-0.9998910183359656
-1.0005511158299434
-0.9998910183359656
-1.00092023123903
-1.0025150016565751
-0.9998910183359656
-0.9998910183359656
-0.9998910183359656
-1.00103722984618
-0.9999515731241917
-1.001399572510782
-1.000427741635457
-1.0032636655166656
-1.0007284080667735
-1.0002912045199426
-1.005591395765168
-0.9988078510405447
-1.0016945628826095
-1.0007121630903857
-0.9998910183359656
-1.0009953584078255
-1.0010522665343102
-1.00017650886156
-1.0034061974404223
-0.9998910183359656
-0.9998910183359656
-1.0030459621409282
-0.9998910183359656
-1.000724710645378
-0.9998910183359656
-1.0003684593013187
-0.9999983200411978
-1.000101088364975
-1.000556729851167
-1.0008901292533183
-0.9996906162725584
-0.9998270594155845
-1.0012972404881464
-1.0023222207885205
-1.0015930561537618
-1.001434627358595
-0.9998910183359656
-1.0032414780872143
-1.0023222207885205
-0.9998910183359656
-1.0015332194304003
-1.0006547810620265
-1.0011514329572053
-1.0008972216867071
-1.0054934977584655
-1.0008993784026514
-1.002168696331275
-0.9998910183359656
-0.999190828898444
-1.0009879901950627
-0.9998910183359656
-1.0016190442173045
-1.0002690740829632
-1.0032548369451284
-0.999362884875999
-1.0036497295945073
-0.999353308433841
-1.0011545992144781
-0.999912154647101
-0.9998910183359656
-1.0008519665587408
-1.0007598572188405
-1.0014599378762874
-0.9998910183359656
-0.9998910183359656
-1.0010382468698449
-0.9998910183359656
-0.9998910183359656
-0.9998910183359656
-0.9998910183359656
-0.9998910183359656
-1.0005104850238582
-1.0019715800183269
-0.9998910183359656
-0.9994557472070116
-1.0030676298925227
-0.9998910183359656
-1.0024693408757839
-0.9998910183359656
-1.001265117690847
-0.9998910183359656
-0.9998910183359656
-0.9998910183359656
-1.0020556255184312
-0.9998910183359656
-1.0064721164365351
-1.00015869593636
-0.9998910183359656
-1.0004372426238721
-0.9998910183359656
