-1.0000784332504273
-1.0000784332504273
-1.0000784332504273
-1.0000784332504273
-1.0000784332504273
-1.0000784332504273
-0.9036546633796301
-1.0086861857026337
-1.0211487621304092
-1.0000784332504273
-1.0000784332504273
-1.0299635761934425
-1.0000784332504273
-1.0000784332504273
-1.1041955225010232
-1.0000784332504273
-1.0603297234494398
-1.0000784332504273
-1.0000784332504273
-1.0000784332504273
-1.0000784332504273
-1.0000784332504273
-1.0237460095667534
-1.1055944698042457
-1.0000784332504273
-1.0000784332504273
-0.9860877406154755
-1.077895718107277
-1.077895718107277
-1.0000784332504273
-0.9899773748775316
-1.056389490760893
-1.0000784332504273
-1.0000784332504273
-1.0000784332504273
-1.0000784332504273
-1.0000784332504273
-1.0794333903953548
-1.0000784332504273
-1.0636012289325305
-0.8995356853175469
-0.9849643897251846
-1.1115896292504273
-1.0310015686777079
-1.1224019349753194
-1.1224019349753194
-1.0063208812542288
-1.1049377838038312
-1.1034648545412287
-1.0000784332504273
-0.9197214199785804
-1.0741610412737188
-1.0000784332504273
-1.0000784332504273
-1.1566046245291646
-0.9785190040873268
-1.0000784332504273
-1.0646949363971903
-1.0000784332504273
-1.0000784332504273
-1.0000784332504273
-1.0000784332504273
-1.0000784332504273
-1.006079944892917
-1.0781285290961407
-1.0000784332504273
-1.0000784332504273
-1.0482610948149391
-1.0000784332504273
-1.0223424601717448
-0.9835269064718133
-1.076620199989822
-1.0265325234678762
-1.054222343200735
-0.9521985740060015
-1.082363835938677
-1.0000784332504273
-1.0286208718301744
-1.0973528675324928
-1.0000784332504273
-1.0000784332504273
-1.0000784332504273
-1.0331823086447196
-1.0000784332504273
-1.0699252449857795
-0.9839123711269653
-1.0627012795810606
-1.0400278723145575
-1.0000784332504273
-0.9884431667595271
-1.0000784332504273
-1.0543377060566035
-1.141190992227007
-1.0000784332504273
-1.0000784332504273
-1.0000784332504273
-1.0192395864247614
-1.0651212556188652
-1.0556548325909594
-1.0000784332504273
-1.0308073036876337
-1.0176103261306617
-1.1213135149585192
-0.9368468710370457
-1.0000784332504273
-0.9271719814892287
-1.0000784332504273
-0.9758089664477891
-0.9813063359253158
-1.0000784332504273
-1.0000784332504273
-1.0961969770052369
-1.0000784332504273
-1.125642108961867
-1.0541539168190863
-1.1392119178759743
-1.0000784332504273
-1.0000784332504273
-1.0878668025818228
-1.0280740658528238
-1.0401226493724451
-1.0000784332504273
-1.0000784332504273
-1.0000784332504273
-1.0589233058815632
-1.1023649262719992
-1.0000784332504273
-1.0000784332504273
-0.87773613631976
-0.9373914934336247
-1.0955611415148445
-1.0000784332504273
-0.9616007102166285
-1.1235695412892834
-0.9560060580477618
-1.0000784332504273
-1.0000784332504273
-1.0000784332504273
-0.9608787635413087
-1.0546860140613312
-1.022550937132303
-1.010512525092795
-1.051428517136632
-1.0000784332504273
-1.071090084061613
-1.0000784332504273
-1.0208280891520312
-1.0000784332504273
-1.1091281318229256
-1.066404196769315
-1.0384884945259572
-1.1392119178759743
-1.0000784332504273
-1.0310675540497474
-1.0982113837406304
-0.9683299071848085
-1.0280740658528238
-0.9683299071848085
-0.9725591151351316
-1.1490405023288273
-1.0866234972711302
-1.0534526516524572
-0.9737478552601255
-0.9105644450428878
-0.9539455884277022
-1.0546577546427514
-0.9575453854261049
-1.0280567281634827
-0.942333596788871
-1.0000784332504273
-1.0000784332504273
-1.0000784332504273
-1.0076221644503338
-1.039264631115995
-1.0417493355229923
-1.0118789023512411
-1.0271061304533524
-1.0241080058932643
-1.0466353487928315
-1.0839014173705823
-1.1579487243669182
-1.0517469058381972
-0.999769545108718
-1.0000784332504273
-1.0991531892113728
-1.0078048091583611
-1.0000784332504273
-0.9810009474228335
-1.0797974599319895
-1.0000784332504273
-0.936876335054313
-1.0236918913340283
-1.0000784332504273
-1.0731419449074238
-1.0627276128270513
-1.0000784332504273
-1.0949212948280282
-0.9074059643632945
-0.9792035471507758
-1.0000784332504273
-1.0000784332504273
-1.0000784332504273
-1.0562972291594412
-1.050968755680393
-0.9787129673292649
-0.9962522650402263
-0.9876293758684501
-1.041832327684551
-1.1476345828373715
-1.0565871469074422
-1.0000784332504273
-1.0000784332504273
-0.9832131402401127
-1.1158255422408692
-1.081164061797044
-1.030480590521974
-0.9822640929805806
-1.0541478257374481
-1.0000784332504273
-1.0911953741476998
-1.0000784332504273
-0.9281564443543516
-0.8452238924764871
-1.0000784332504273
-1.0000784332504273
-0.9582748781433764
-1.0052223507501044
-1.0542404947050312
-1.0000784332504273
-1.0000784332504273
-0.9827269064670006
-1.0597929947064892
-1.0281778135687392
-0.9745656072812544
-1.0635083140582504
-1.030984002964008
-0.9255037288835313
-1.0000784332504273
-1.0319519179074006
-1.0093007583226559
-0.9815925582664697
-1.0608911969580461
-1.0040638813755476
-1.0000784332504273
-1.0157580319635096
-0.9599570793051658
-0.977898849149618
-1.0722360886812172
-1.0000784332504273
-0.9513689933002123
-1.0000784332504273
-0.8738496235043969
-1.0018538637104648
-1.0000784332504273
-1.0606238956486096
-1.0000784332504273
-1.037910924447247
-1.0280740658528238
-1.0000784332504273
-1.026956615433682
-1.0503548804501086
-1.0532248243057498
-0.9675069910428478
-0.9367845098968169
-0.9361071573683619
-0.9358396291352103
-1.0000784332504273
-1.073956355342031
-0.9542021376182952
-1.1032620163782387
-0.9596739139138655
-1.0219340236598193
-0.9218786929814159
-1.00188594453174
-1.0000784332504273
-1.0314191060998432
-1.1056015441875355
-1.0000784332504273
-1.0504226760093884
-1.0603297234494398
-1.0454932253717384
-1.165669602565591
-1.0000784332504273
-1.1709434403975565
-1.03577632025312
-1.066099854747537
-1.0333354550631766
-1.1437466958043196
-1.048632180319843
-1.0000784332504273
-1.0842209130887766
-0.9801048955832883
-1.0000784332504273
-0.9999144639165456
-0.9999049055714169
-1.0000784332504273
-0.9446033352116862
-1.0515922744105404
-1.0000784332504273
-1.0000784332504273
-1.0172105149830584
-1.0368140735146252
-1.0000784332504273
-1.0000784332504273
-1.0000784332504273
-1.0000784332504273
-1.0135006570190563
-1.0000784332504273
-1.0162112279503541
-1.1026157925583853
-1.0000784332504273
-1.0000784332504273
-1.0000784332504273
-1.054515941050132
-0.9933933632789952
-1.0698498700291252
-1.0325865434766874
-1.027778375765462
-1.0805820203577061
-0.9998884441422191
-1.1229807035887018
-0.9863203960404674
-1.0569566008288163
-1.0201553388198175
-1.0000784332504273
-1.0401754562210352
-1.1149470796562728
-0.9144053621205154
-1.0492568287110928
-1.0000784332504273
-1.0000784332504273
-1.0639421184311342
-1.0000784332504273
-0.9930300178510821
-1.0000784332504273
-0.9797348156845785
-0.9185163660349265
-0.9534756193965094
-0.932313890014173
-1.0473841262170949
-0.9057396219415312
-0.9102154210931319
-0.9997335777650389
-1.0280740658528238
-1.068638541281645
-1.087304304109018
-1.0000784332504273
-1.0991838698857925
-1.0280740658528238
-1.0000784332504273
-1.0870001254683517
-1.039857077734574
-1.0465026202111491
-1.057307770459958
-1.0578083421395068
-1.0338917930895182
-1.0967109665185484
-1.0000784332504273
-0.8869708367364775
-1.0395440008727461
-1.0000784332504273
-1.0632017126016111
-0.943109919685121
-1.1428342894919572
-1.0220424929325733
-1.0510721638387994
-0.9762677594905198
-1.0689090666923582
-0.9440988093869024
-1.0000784332504273
-1.0187115162314118
-1.1777603370991918
-1.030740003923381
-1.0000784332504273
-1.0000784332504273
-1.0665747736269198
-1.0000784332504273
-1.0000784332504273
-1.0000784332504273
-1.0000784332504273
-1.0000784332504273
-1.0230285147776987
-1.0547890436957283
-1.0000784332504273
-0.9751843012695823
-1.0483255105117886
-1.0000784332504273
-1.0726115227740987
-1.0000784332504273
-1.0515785141210874
-1.0000784332504273
-1.0000784332504273
-1.0000784332504273
-1.0536007496655078
-1.0000784332504273
-1.0572898389704215
-0.9564838035416774
-1.0000784332504273
-0.9544288582923672
-1.0000784332504273
