-0.9998931160536761
-0.9998931160536761
-0.9998931160536761
-0.9998931160536761
-0.9998931160536761
-0.9998931160536761
-1.0167809059755222
-1.021723395224595
-0.9981488115796023
-0.9998931160536761
-0.9998931160536761
-1.0501176346483803
-0.9998931160536761
-0.9998931160536761
-1.0231481966275546
-0.9998931160536761
-1.0086682726048595
-0.9998931160536761
-0.9998931160536761
-0.9998931160536761
-0.9998931160536761
-0.9998931160536761
-1.0149333327806804
-0.9782441394565653
-0.9998931160536761
-0.9998931160536761
-0.9749253734285481
-0.9998913553172674
-0.9998913553172674
-0.9998931160536761
-1.0357223926242167
-1.03059027776775
-0.9998931160536761
-0.9998931160536761
-0.9998931160536761
-0.9998931160536761
-0.9998931160536761
-1.0468585992825488
-0.9998931160536761
-1.010398362079009
-1.0608830423725706
-1.0764914975090059
-0.90323678783882
-1.0607762569873873
-1.0449798422897563
-1.0449798422897563
-1.100933059910818
-1.0408146572792054
-1.0510501318153918
-0.9998931160536761
-1.0629380625078486
-0.9966867577103524
-0.9998931160536761
-0.9998931160536761
-0.918545611692086
-1.0537789385541794
-0.9998931160536761
-1.0292799320998927
-0.9998931160536761
-0.9998931160536761
-0.9998931160536761
-0.9998931160536761
-0.9998931160536761
-0.9143670901802955
-1.075868896602632
-0.9998931160536761
-0.9998931160536761
-1.0699136847084274
-0.9998931160536761
-1.055725229092384
-1.040964067642712
-1.023235825676354
-1.025620542042609
-1.067716016410556
-1.0737313451214385
-0.9511801529457165
-0.9998931160536761
-1.028682234229126
-1.0986972391021028
-0.9998931160536761
-0.9998931160536761
-0.9998931160536761
-0.9788884801492167
-0.9998931160536761
-0.9721346863116214
-0.7246797071506854
-1.0987247325092937
-1.0805485595038065
-0.9998931160536761
-1.0578648575044127
-0.9998931160536761
-1.098601546992146
-1.0580817270405782
-0.9998931160536761
-0.9998931160536761
-0.9998931160536761
-1.0493330456856287
-0.9719537461228498
-1.0244975234595008
-0.9998931160536761
-1.0368180263644244
-0.9783191436054987
-1.088976323989225
-1.062188316963671
-0.9998931160536761
-0.8548646336358565
-0.9998931160536761
-1.064726892299678
-1.0707258092378238
-0.9998931160536761
-0.9998931160536761
-0.8847180012409032
-0.9998931160536761
-0.9850152554569246
-0.9999043931147797
-1.055560185619482
-0.9998931160536761
-0.9998931160536761
-1.0875966270991746
-1.057754895911081
-1.022874935465925
-0.9998931160536761
-0.9998931160536761
-0.9998931160536761
-0.9973551533072836
-1.0040562512466802
-0.9998931160536761
-0.9998931160536761
-1.0351209733067404
-1.0467237348725513
-1.013828097438818
-0.9998931160536761
-1.0080638589365456
-1.0459262297658776
-1.0376132711802712
-0.9998931160536761
-0.9998931160536761
-0.9998931160536761
-0.9947559045295437
-1.0780870239861473
-1.0280373814763686
-1.0404775874045653
-1.0039825462626182
-0.9998931160536761
-1.0199996441107537
-0.9998931160536761
-1.0572224592611676
-0.9998931160536761
-1.0144712500455026
-1.012502072892019
-1.0575765703854694
-1.055560185619482
-0.9998931160536761
-1.0632605717064478
-1.0302916610884176
-0.8976055424058391
-1.057754895911081
-0.8976055424058391
-1.0733659973973648
-0.9584655353963671
-1.0209520668417926
-0.8974449503849996
-1.014959774884845
-1.0323652843455953
-1.0475637074991755
-1.0288908692949983
-1.0766011205694426
-0.9563983426269582
-1.0435145451429237
-0.9998931160536761
-0.9998931160536761
-0.9998931160536761
-1.0161341277217366
-1.0670077985850717
-1.0445335026256795
-1.0436896175242925
-1.0818925601294307
-1.006501203219726
-0.9919552343007274
-1.0127677326632551
-1.034054189894051
-0.8313571273784709
-0.9998377032558134
-0.9998931160536761
-0.902491618112764
-1.0894045298451855
-0.9998931160536761
-1.04275932955433
-0.8846717210274586
-0.9998931160536761
-1.081650767761055
-1.0721725831832156
-0.9998931160536761
-1.0594740863467809
-1.0218269892315681
-0.9998931160536761
-0.9310337939542174
-1.046547582743119
-1.063219715028708
-0.9998931160536761
-0.9998931160536761
-0.9998931160536761
-0.90035040529897
-1.0222799401939293
-1.082734862550237
-1.0067169308071529
-1.017727212619079
-1.0312900198624129
-0.9946928376466546
-0.9501839638946616
-0.9998931160536761
-0.9998931160536761
-1.056774476120884
-0.9802117318142158
-0.8489718630553466
-1.054444551500722
-1.066809988138286
-1.0675960471570412
-0.9998931160536761
-1.0356508430225102
-0.9998931160536761
-1.0204817601044063
-1.1176092227894232
-0.9998931160536761
-0.9998931160536761
-1.0433463932545843
-1.0816406152356508
-0.9974904883690753
-0.9998931160536761
-0.9998931160536761
-1.1224912364748736
-1.0647987628587923
-0.9776200335824047
-1.1137151680058444
-0.9375342072871624
-1.0337195891558593
-1.0764831074788812
-0.9998931160536761
-1.04340894411693
-1.0653419192793372
-1.0609921821760668
-0.9584704356734952
-0.9221352766728022
-0.9998931160536761
-1.035185342557679
-0.9739902384637541
-1.0474049653589312
-1.0289293308489613
-0.9998931160536761
-1.0745529586922422
-0.9998931160536761
-1.0124669637860848
-0.9805055415978855
-0.9998931160536761
-0.938658132916681
-0.9998931160536761
-1.0490271970907128
-1.057754895911081
-0.9998931160536761
-1.0476025968787879
-1.0372028353553007
-1.0466595407874624
-1.0621832642645428
-1.0419400560557315
-1.083001418461515
-1.0648452932106311
-0.9998931160536761
-0.9697686561735644
-1.0098811200066151
-1.0748439531903555
-1.0998241041520194
-0.9934350815992314
-1.0490076868484093
-1.1231542504028398
-0.9998931160536761
-1.0304448724604305
-0.9331300758980573
-0.9998931160536761
-0.851096414516214
-1.0086682726048595
-0.9723001966127052
-1.0577508206374668
-0.9998931160536761
-0.9791016252843989
-1.0491467565310173
-0.9653659964594847
-1.0434430632467648
-1.0198703361452774
-1.0162098170199718
-0.9998931160536761
-1.0874053795815541
-1.0400512726562967
-0.9998931160536761
-1.0004765192882847
-1.0195223893931034
-0.9998931160536761
-0.931306873799088
-0.9684190585361678
-0.9998931160536761
-0.9998931160536761
-1.0021612710430523
-1.1231859465166667
-0.9998931160536761
-0.9998931160536761
-0.9998931160536761
-0.9998931160536761
-1.0532818580146257
-0.9998931160536761
-1.0903344278097844
-1.023209375159335
-0.9998931160536761
-0.9998931160536761
-0.9998931160536761
-1.0434135853914652
-1.0200082484811794
-0.9843345707152162
-0.9114104479608834
-1.026161604728209
-0.9652457827556522
-1.038157483582414
-1.0961039032913147
-1.041544339765179
-1.0377498249187451
-1.0198513252958796
-0.9998931160536761
-0.9868048666605964
-1.0039660820446277
-0.9360409123027078
-1.0101297562102296
-0.9998931160536761
-0.9998931160536761
-0.924789739605524
-0.9998931160536761
-1.0035364070865647
-0.9998931160536761
-1.0794762512945608
-1.0883024982974474
-1.0637832497937982
-1.0259321224751277
-1.0141132566502278
-1.0466685121646055
-1.0566964022603886
-0.9299185338501894
-1.057754895911081
-1.0829612616819135
-1.0500696774037968
-0.9998931160536761
-1.0624982158031553
-1.057754895911081
-0.9998931160536761
-1.0837143510765892
-1.0617458887327431
-0.9048932726700949
-1.0637116261915982
-1.01986432564346
-1.1178943894020916
-1.0457408858522719
-0.9998931160536761
-1.0268505734812585
-0.9416241254166338
-0.9998931160536761
-0.9698885472824197
-1.0070020016180823
-1.0122534178528506
-0.987289423930573
-1.0352567723521018
-0.9831967250018151
-1.0401515615703376
-1.0571980416551616
-0.9998931160536761
-1.1176650612259311
-0.9505398720631051
-0.9877908209759886
-0.9998931160536761
-0.9998931160536761
-1.1542851386256685
-0.9998931160536761
-0.9998931160536761
-0.9998931160536761
-0.9998931160536761
-0.9998931160536761
-1.0713830530023079
-0.9972210378508856
-0.9998931160536761
-1.0973178768208856
-1.0162098170199718
-0.9998931160536761
-0.9838844822400334
-0.9998931160536761
-1.0179217451492149
-0.9998931160536761
-0.9998931160536761
-0.9998931160536761
-1.1166249224555298
-0.9998931160536761
-1.028788117139966
-0.8831846136172545
-0.9998931160536761
-1.0795862591855845
-0.9998931160536761
