-1.0000344191476929
-1.0000344191476929
-1.0000344191476929
-1.0000344191476929
-1.0000344191476929
-1.0000344191476929
-1.0016436279886964
-1.0016035872725988
-1.0014172144953968
-1.0000344191476929
-1.0000344191476929
-1.0031696868075963
-1.0000344191476929
-1.0000344191476929
-1.0014110723146255
-1.0000344191476929
-1.0048156506964236
-1.0000344191476929
-1.0000344191476929
-1.0000344191476929
-1.0000344191476929
-1.0000344191476929
-1.0012708646694266
-1.0015272075689352
-1.0000344191476929
-1.0000344191476929
-0.9993944267458238
-1.0005036999491064
-1.0005036999491064
-1.0000344191476929
-1.0014719341307137
-1.0020564541472603
-1.0000344191476929
-1.0000344191476929
-1.0000344191476929
-1.0000344191476929
-1.0000344191476929
-1.0028200174537014
-1.0000344191476929
-1.0048936543080456
-1.002463955944561
-1.0052352566015919
-0.9989115989402523
-1.003325267086753
-1.0035318674255187
-1.0035318674255187
-1.0055683425184112
-1.0022302371185863
-1.0046420513137027
-1.0000344191476929
-1.0029451566983174
-1.0005282368141866
-1.0000344191476929
-1.0000344191476929
-0.9994479287297588
-1.0018926828673864
-1.0000344191476929
-1.001870287238148
-1.0000344191476929
-1.0000344191476929
-1.0000344191476929
-1.0000344191476929
-1.0000344191476929
-0.9970408541621616
-1.0009439170934578
-1.0000344191476929
-1.0000344191476929
-1.0021633302107016
-1.0000344191476929
-1.0012650358848016
-1.0055088393397615
-1.0063126277385677
-1.0014610017993224
-1.0077601229350195
-1.002906532578122
-1.000873532992561
-1.0000344191476929
-1.0002952790469264
-1.0094824443801103
-1.0000344191476929
-1.0000344191476929
-1.0000344191476929
-1.0012249926351502
-1.0000344191476929
-1.003951831361674
-0.9959819265466399
-1.0046127733626036
-1.0032507489232945
-1.0000344191476929
-1.0012256460331872
-1.0000344191476929
-1.0036356778243083
-1.0042450898750697
-1.0000344191476929
-1.0000344191476929
-1.0000344191476929
-1.00348759781899
-1.0000928237691802
-1.0026112899838817
-1.0000344191476929
-1.00281194097224
-1.0005579339878126
-1.0034758135395019
-1.0037870772016704
-1.0000344191476929
-0.9970520748110685
-1.0000344191476929
-1.0015259454649827
-1.0031654513958812
-1.0000344191476929
-1.0000344191476929
-0.999959380990935
-1.0000344191476929
-1.0006292403933896
-0.9951281519730917
-1.0093243258097422
-1.0000344191476929
-1.0000344191476929
-1.005534020107552
-1.0022345108662787
-1.001228503206814
-1.0000344191476929
-1.0000344191476929
-1.0000344191476929
-1.005171938876779
-0.998996720284461
-1.0000344191476929
-1.0000344191476929
-1.0054026689490523
-1.002339777339789
-1.001759141256554
-1.0000344191476929
-1.0004550698265882
-1.0037429283202774
-1.001315722676903
-1.0000344191476929
-1.0000344191476929
-1.0000344191476929
-1.0003523360184454
-1.0026398159451295
-1.0023468146887673
-1.0011718883094312
-1.0041305903916986
-1.0000344191476929
-1.0019159349152424
-1.0000344191476929
-1.0024775350692827
-1.0000344191476929
-1.0010433242615129
-1.0009406698791903
-1.0020284426268162
-1.0093243258097422
-1.0000344191476929
-1.0026973047593524
-1.0018161586502556
-0.9993198357390337
-1.0022345108662787
-0.9993198357390337
-1.0036263310309117
-1.0008121516611537
-1.0017952055659927
-0.9949320852302629
-1.0019138786929234
-1.001739803223049
-1.002383096049409
-1.0011959627232092
-1.0025471989081618
-1.000958560439308
-1.001867599560013
-1.0000344191476929
-1.0000344191476929
-1.0000344191476929
-1.0005095726779372
-1.0030512514951364
-1.001755828300423
-1.0013770704897995
-1.0025546740211473
-1.0016139149169159
-0.9994450835254393
-1.0024645094612126
-1.0022102954291925
-0.9962511311429667
-0.9997446283778254
-1.0000344191476929
-0.998772041777265
-1.0029764038533209
-1.0000344191476929
-1.0007438279672032
-0.9990351333074418
-1.0000344191476929
-1.0047457676751057
-1.0016310764478522
-1.0000344191476929
-1.0022706422601058
-1.001656295769647
-1.0000344191476929
-1.0031101338205963
-1.0025475407170794
-1.0057836815212875
-1.0000344191476929
-1.0000344191476929
-1.0000344191476929
-0.998503773014145
-1.0044714568976154
-1.0022009990468586
-1.002142071919122
-1.0009557379010732
-1.0020208993418551
-1.0022263686876478
-0.9985531778017109
-1.0000344191476929
-1.0000344191476929
-1.002213930920706
-1.0025459277840827
-0.9979833478885352
-1.0032395099903688
-1.001922167365822
-1.0039864305375117
-1.0000344191476929
-1.0039497431981768
-1.0000344191476929
-1.0007942302715844
-1.0069287859932665
-1.0000344191476929
-1.0000344191476929
-1.0025160214882596
-1.0028543865557666
-1.0020173878218088
-1.0000344191476929
-1.0000344191476929
-1.0041180583889666
-1.006136193616125
-1.0020694632209695
-1.0072620158729704
-1.0037543904518653
-1.0001357917314966
-1.0028832385590256
-1.0000344191476929
-1.0021913879212305
-1.0033103167598671
-1.0030817321523804
-1.0003185264047845
-0.9965822130999262
-1.0000344191476929
-1.0019147612632486
-1.0007487858420032
-1.0012990561984243
-1.0008376092112332
-1.0000344191476929
-1.0052850695213722
-1.0000344191476929
-1.0021245821938787
-1.0004939846770178
-1.0000344191476929
-0.9995986548715625
-1.0000344191476929
-1.002194991710502
-1.0022345108662787
-1.0000344191476929
-1.0033434202961038
-1.004469673743778
-1.0121442554421924
-1.0016206697530121
-1.0035884946609226
-1.0046024355454612
-1.002018217631881
-1.0000344191476929
-1.001489752345945
-1.0011117654306485
-1.0017179881309706
-1.0038957075418056
-1.0023924577441397
-1.0055661874928883
-1.006426101485384
-1.0000344191476929
-1.0034089879002752
-0.9980501071906462
-1.0000344191476929
-0.9978710998400487
-1.0048156506964236
-1.0010874451582783
-1.0136179807983805
-1.0000344191476929
-1.0025325827829716
-1.0017150687038683
-0.9999145860896987
-1.0016396158407306
-1.0032635621364205
-1.0022873130015246
-1.0000344191476929
-1.0051782492473051
-1.0028519750983613
-1.0000344191476929
-0.9997018219491914
-1.0019926294430885
-1.0000344191476929
-0.9999108549893244
-1.0038690305469407
-1.0000344191476929
-1.0000344191476929
-1.0016449914005132
-1.0030924646556998
-1.0000344191476929
-1.0000344191476929
-1.0000344191476929
-1.0000344191476929
-1.0023144159438084
-1.0000344191476929
-1.0049083813381703
-1.006235280423163
-1.0000344191476929
-1.0000344191476929
-1.0000344191476929
-1.0008175397510533
-1.0030306715083146
-1.0011117577455844
-1.000064324475344
-1.0006886744607404
-1.000609716698674
-1.0008431208263637
-1.0040145775883187
-1.0030755050155888
-1.0015640601235276
-1.0019938974377864
-1.0000344191476929
-1.001887930924178
-1.0021764682803962
-1.0005119054346912
-1.0009114942556483
-1.0000344191476929
-1.0000344191476929
-0.9988094688210152
-1.0000344191476929
-0.9998509260038008
-1.0000344191476929
-1.0032150206304533
-1.0041474915750817
-1.0025343045723019
-1.0012053417840683
-1.0015633290342918
-1.0014977725796095
-1.002002797670908
-0.9991882368623016
-1.0022345108662787
-1.0029707116880355
-1.004963206875761
-1.0000344191476929
-1.0045365965311235
-1.0022345108662787
-1.0000344191476929
-1.0033000443496387
-1.0037357767427721
-1.0006018085546073
-1.0039822512194925
-1.006996116483689
-1.00339537619336
-1.0029559450901364
-1.0000344191476929
-1.000973004592014
-1.0020811589108682
-1.0000344191476929
-1.0000314813788589
-1.001826526007553
-1.0023850995715717
-1.0014006756688283
-1.0032365163129628
-1.0031976449830284
-1.009633969495161
-1.001580690121404
-1.0000344191476929
-1.0039319514087035
-1.0038313278867355
-1.003481314018379
-1.0000344191476929
-1.0000344191476929
-1.0074187871601858
-1.0000344191476929
-1.0000344191476929
-1.0000344191476929
-1.0000344191476929
-1.0000344191476929
-1.0027696768467989
-1.0013774215814681
-1.0000344191476929
-1.0058687492426293
-1.0022873130015428
-1.0000344191476929
-1.0030940852493815
-1.0000344191476929
-1.006035827584347
-1.0000344191476929
-1.0000344191476929
-1.0000344191476929
-1.0039067594511781
-1.0000344191476929
-1.0134186273549162
-1.0007409542105283
-1.0000344191476929
-1.002763839094427
-1.0000344191476929
