-1.000157290709478
-1.000157290709478
-1.000157290709478
-1.000157290709478
-1.000157290709478
-1.000157290709478
-0.9302349435243558
-0.9177579438411012
-1.0926031785981198
-1.000157290709478
-1.000157290709478
-1.0195920653349888
-1.000157290709478
-1.000157290709478
-1.0271897904269256
-1.000157290709478
-1.0670166030804973
-1.000157290709478
-1.000157290709478
-1.000157290709478
-1.000157290709478
-1.000157290709478
-0.9212771745645911
-0.886372044729826
-1.000157290709478
-1.000157290709478
-0.8105375656500498
-1.061712487763857
-1.061712487763857
-1.000157290709478
-0.7785432401958645
-1.0113126907328418
-1.000157290709478
-1.000157290709478
-1.000157290709478
-1.000157290709478
-1.000157290709478
-1.0589120323090815
-1.000157290709478
-0.9197785903422656
-1.0823480774087482
-0.9886031772646213
-1.0477971265317951
-1.1554740232979297
-0.9826561978923604
-0.9826561978923604
-1.0316946630541601
-1.0041813127827162
-1.0954363384257622
-1.000157290709478
-1.1013448818224114
-1.0021941854334777
-1.000157290709478
-1.000157290709478
-1.02121329282816
-1.0694356117022337
-1.000157290709478
-1.0060993818292883
-1.000157290709478
-1.000157290709478
-1.000157290709478
-1.000157290709478
-1.000157290709478
-0.9902522159760332
-1.0472771831879997
-1.000157290709478
-1.000157290709478
-0.8996284123418676
-1.000157290709478
-1.0236259595570434
-1.0512571762117189
-0.40003714320198236
-1.1255320550636614
-1.0418173002730744
-0.9172252483571457
-1.0504547010371927
-1.000157290709478
-1.1623631349302932
-0.9519298941587426
-1.000157290709478
-1.000157290709478
-1.000157290709478
-0.9714868167479461
-1.000157290709478
-1.0676383002983743
-0.9311290166042403
-1.1721676296064962
-1.0000853908842915
-1.000157290709478
-0.8673025073164653
-1.000157290709478
-0.9870709884081763
-1.007756268380147
-1.000157290709478
-1.000157290709478
-1.000157290709478
-1.079482605039298
-0.9262898765495438
-0.9680760401750153
-1.000157290709478
-1.1301248518907254
-0.9686351347076786
-0.9678559278913497
-0.7979917263637057
-1.000157290709478
-1.0644649166974334
-1.000157290709478
-1.0263029934892396
-0.9291671980125338
-1.000157290709478
-1.000157290709478
-0.9854692889469328
-1.000157290709478
-0.971843764840842
-1.0409188632740638
-1.0003172941984397
-1.000157290709478
-1.000157290709478
-1.0257792679871471
-0.9998587856138705
-0.8135269066056656
-1.000157290709478
-1.000157290709478
-1.000157290709478
-0.965522647475674
-1.002890683703186
-1.000157290709478
-1.000157290709478
-1.0986908179562958
-0.8449413856844512
-0.6345084755377407
-1.000157290709478
-0.8842992849720609
-0.9623506736773212
-0.8373661208808707
-1.000157290709478
-1.000157290709478
-1.000157290709478
-0.9074507260277901
-1.01282581404424
-0.686027958535594
-0.7243207470684254
-1.0111744256337487
-1.000157290709478
-1.013709897078884
-1.000157290709478
-0.9331613233714289
-1.000157290709478
-1.0001867566834766
-0.9294969009309061
-1.1388283116830502
-1.0003172941984397
-1.000157290709478
-1.0462805074227821
-0.7697196930262895
-1.0450804760354717
-0.9998587856138705
-1.0450804760354717
-0.9779770962540059
-1.031844438079982
-0.9872879696576766
-1.0401044378849167
-0.7903215285651767
-0.8468910299748397
-0.675412942358991
-0.9020724419335645
-1.0035352510384528
-1.005830518481921
-0.7668345172938236
-1.000157290709478
-1.000157290709478
-1.000157290709478
-1.068704976981514
-1.0270746693866992
-0.7855211771604829
-0.8638203329741659
-0.942495517217634
-0.8825668787740527
-0.9449439733828306
-0.8507304498657043
-1.037431441656424
-0.9478605476189425
-1.000179982016193
-1.000157290709478
-0.924892727338642
-0.9534432861920381
-1.000157290709478
-1.039712800399934
-1.1013003930048026
-1.000157290709478
-1.0312669022618983
-0.9651087409205986
-1.000157290709478
-0.9428716530613781
-0.9963197543875133
-1.000157290709478
-1.0106762383079635
-0.9652718195831271
-1.0137349433535352
-1.000157290709478
-1.000157290709478
-1.000157290709478
-1.0768406423145247
-0.992108473969189
-0.8682768458234095
-1.089414673751097
-1.1573398140213185
-1.0213786599996642
-1.012999852561291
-0.9160676647878923
-1.000157290709478
-1.000157290709478
-1.0339709698281456
-1.020114729795055
-1.0355539579669923
-1.062611537141008
-0.954370082688555
-1.0754840728909287
-1.000157290709478
-0.9798308476192852
-1.000157290709478
-1.089115033704089
-1.0327199285946582
-1.000157290709478
-1.000157290709478
-1.02457732154046
-0.8626328331439427
-1.001333338445398
-1.000157290709478
-1.000157290709478
-0.9896857787866022
-1.1414411185952957
-1.006977004734441
-1.0433866670910714
-0.9851520519596906
-1.0462073664740101
-0.9948909901263499
-1.000157290709478
-0.9621564542776556
-1.041864464338285
-1.0360150610703855
-0.9967300677944492
-0.9984210511322598
-1.000157290709478
-1.1550711770236075
-0.979679526667814
-0.9818288543892304
-1.0752714667824774
-1.000157290709478
-0.995177610224592
-1.000157290709478
-0.9423273867843658
-1.015603958092289
-1.000157290709478
-1.0155786730318317
-1.000157290709478
-1.0931005506253588
-0.9998587856138705
-1.000157290709478
-1.0721303388779428
-1.0769744313283465
-1.0223959028424159
-0.9433479541698971
-0.9390768919487869
-0.9537634677359791
-0.8823055429616574
-1.000157290709478
-1.0733970286623609
-1.0338681864302655
-0.9583818564741927
-0.9244817600866002
-1.0479443483729665
-1.0400688636273585
-1.0777070109887494
-1.000157290709478
-1.0006541087035021
-1.0180615972947415
-1.000157290709478
-1.057830550312852
-1.0670166030804973
-1.0476691937033067
-1.0940105520235774
-1.000157290709478
-1.0169672845098403
-0.9538440769217487
-1.0743317720512202
-1.0262939772856987
-1.0420595191777857
-1.023950901307991
-1.000157290709478
-1.1137227211765448
-1.0066646694523909
-1.000157290709478
-0.999696436766164
-1.1665129385161388
-1.000157290709478
-1.0617453033201611
-1.025954702374306
-1.000157290709478
-1.000157290709478
-1.0548697118876307
-1.0630270164511413
-1.000157290709478
-1.000157290709478
-1.000157290709478
-1.000157290709478
-0.9951726729008092
-1.000157290709478
-1.1484308900516123
-1.064950677804489
-1.000157290709478
-1.000157290709478
-1.000157290709478
-0.9103168753333316
-1.0444247100037476
-1.0250610634628352
-0.875848579512674
-1.1020436140083762
-1.0696405039774615
-1.1590249754826076
-1.0499609611193237
-1.069027212366771
-1.095364459077182
-0.9130267776070441
-1.000157290709478
-1.064358421652556
-0.8832635138887194
-0.9742860914916868
-0.9208154276457068
-1.000157290709478
-1.000157290709478
-1.128485829533404
-1.000157290709478
-1.0308799051450481
-1.000157290709478
-1.1280095945917004
-1.0878182619937373
-1.1224622823514152
-1.0403320051381797
-1.0968973370257629
-1.0379177664942938
-1.0106008101500517
-1.117622729797835
-0.9998587856138705
-0.9830274944824701
-0.9922545052065722
-1.000157290709478
-1.118228721523439
-0.9998587856138705
-1.000157290709478
-1.0107953741187117
-1.0553189527470168
-1.0135626754462028
-0.9997388550850778
-1.025451130910143
-1.0019554963306083
-1.0327733501732588
-1.000157290709478
-1.0634140742424003
-1.0894344021394886
-1.000157290709478
-0.8438479836405121
-0.9731070122416674
-1.0268158018484719
-1.1001692630609194
-1.0637701061987634
-0.9150555924912669
-0.9635790288227846
-1.0267627798732255
-1.000157290709478
-0.9966580598051344
-0.937114861076355
-1.090416941956831
-1.000157290709478
-1.000157290709478
-1.136989164281544
-1.000157290709478
-1.000157290709478
-1.000157290709478
-1.000157290709478
-1.000157290709478
-0.9794250745369733
-0.9331127449100243
-1.000157290709478
-1.0130963623021183
-1.023279563256228
-1.000157290709478
-0.9844355853111351
-1.000157290709478
-1.0248925436839227
-1.000157290709478
-1.000157290709478
-1.000157290709478
-0.9945356496704502
-1.000157290709478
-0.9071197208852743
-1.0463544940481357
-1.000157290709478
-0.7351942889033383
-1.000157290709478
