-0.9998385166538958
-0.9998385166538958
-0.9998385166538958
-0.9998385166538958
-0.9998385166538958
-0.9998385166538958
-0.9990745092714308
-1.0003530686888689
-1.0010633561422626
-0.9998385166538958
-0.9998385166538958
-1.0005752744642513
-0.9998385166538958
-0.9998385166538958
-1.0007311660485878
-0.9998385166538958
-1.0108800339382933
-0.9998385166538958
-0.9998385166538958
-0.9998385166538958
-0.9998385166538958
-0.9998385166538958
-1.000127207621191
-1.000238930877539
-0.9998385166538958
-0.9998385166538958
-0.9996322289482545
-1.0059062515956914
-1.0059062515956914
-0.9998385166538958
-0.9990843474043178
-0.9979650911778769
-0.9998385166538958
-0.9998385166538958
-0.9998385166538958
-0.9998385166538958
-0.9998385166538958
-1.0023231025877979
-0.9998385166538958
-0.9972134432313842
-1.000260049354472
-1.0013832663286748
-1.0019862080349142
-1.000557509531502
-0.99904065568005
-0.99904065568005
-0.9994619168834711
-1.0006125003729835
-1.0018389690921554
-0.9998385166538958
-1.0007546954931321
-1.00045057256163
-0.9998385166538958
-0.9998385166538958
-1.0008479374141788
-1.0012710653173147
-0.9998385166538958
-0.999791343127206
-0.9998385166538958
-0.9998385166538958
-0.9998385166538958
-0.9998385166538958
-0.9998385166538958
-1.0006223087153643
-1.001160471296998
-0.9998385166538958
-0.9998385166538958
-1.0008738301876987
-0.9998385166538958
-1.0011239512161763
-1.0053727066118645
-0.9938237775476034
-1.0055171005981487
-1.0019544040527593
-0.9996219662724065
-1.000536082349
-0.9998385166538958
-1.0016695993387281
-0.9987419273803266
-0.9998385166538958
-0.9998385166538958
-0.9998385166538958
-1.0000385295444345
-0.9998385166538958
-1.0019749542214562
-0.9998167313726322
-1.0013981417757178
-1.000273580944377
-0.9998385166538958
-0.9999044370745154
-0.9998385166538958
-1.0004569627052606
-1.0004932375409905
-0.9998385166538958
-0.9998385166538958
-0.9998385166538958
-1.007968590627918
-0.9990080427533139
-0.9999112182029379
-0.9998385166538958
-1.002020051113376
-1.0003135280863762
-0.9996034690208019
-0.997581470607424
-0.9998385166538958
-1.0028566940067143
-0.9998385166538958
-1.0001626063620248
-0.9998753228394929
-0.9998385166538958
-0.9998385166538958
-1.0002330640406414
-0.9998385166538958
-1.000692668610923
-1.005990734958047
-1.002298950307017
-0.9998385166538958
-0.9998385166538958
-1.0005057581182464
-1.0028426268494985
-0.9976751428269617
-0.9998385166538958
-0.9998385166538958
-0.9998385166538958
-0.9990347291640863
-0.9994669089158823
-0.9998385166538958
-0.9998385166538958
-1.0020045884192368
-0.9997609170790613
-0.9984138357924139
-0.9998385166538958
-1.0004224275592315
-0.9988260108478951
-0.9992225422477279
-0.9998385166538958
-0.9998385166538958
-0.9998385166538958
-0.9999555371794036
-0.9995948788620652
-0.9998190910667568
-1.0001721828439911
-0.9994955149240261
-0.9998385166538958
-1.0002250805559352
-0.9998385166538958
-1.0000743427180352
-0.9998385166538958
-0.9998784873861873
-0.9994311209854646
-1.0035395246181653
-1.002298950307017
-0.9998385166538958
-1.000572057228991
-0.9977569993643204
-1.0013276770118469
-1.0028426268494985
-1.0013276770118469
-1.0004178555053467
-0.9994695041561585
-0.9990651071440779
-0.9990626253166992
-0.9999058381715175
-0.9998390273275422
-0.9995493041725217
-1.0006241721430853
-1.000285789222854
-1.0006536635041319
-0.9995261861959505
-0.9998385166538958
-0.9998385166538958
-0.9998385166538958
-1.0022404938763474
-1.0006857958312771
-1.0000650958019008
-0.9999186123644168
-1.0001632066259338
-0.9991694859151405
-0.9992902915262316
-0.9938239438921979
-1.000090232593053
-0.998776145051788
-1.0007579815064926
-0.9998385166538958
-0.9990480274193893
-1.0007263296066733
-0.9998385166538958
-1.001496498991325
-1.003762167817462
-0.9998385166538958
-1.0020726382820024
-0.9999188178168684
-0.9998385166538958
-0.9990140764040687
-1.0012644355692446
-0.9998385166538958
-1.0018000865381438
-1.0002424472369145
-1.0021920641000173
-0.9998385166538958
-0.9998385166538958
-0.9998385166538958
-1.001864345160237
-0.9987274763999628
-1.0006295578712097
-1.004321459576202
-1.00164306411703
-1.0003717025489776
-1.000552745484074
-0.9999676597257812
-0.9998385166538958
-0.9998385166538958
-1.0008029376383654
-1.0027601538804287
-1.001073965914873
-1.0007951018672219
-0.9992651685519522
-1.0008564727277607
-0.9998385166538958
-0.9992635252375364
-0.9998385166538958
-1.0009533590903366
-0.9999514574650268
-0.9998385166538958
-0.9998385166538958
-0.99982895264299
-1.0000962625295169
-1.0005456202472565
-0.9998385166538958
-0.9998385166538958
-1.0006256201645245
-1.0016119567654764
-1.000481043212866
-1.0008355250802081
-1.0016056727709803
-0.9996306274094028
-1.0003986714663533
-0.9998385166538958
-1.0001788938426412
-0.9999682033378171
-0.9999432876760243
-0.999712363184422
-1.002391195430706
-0.9998385166538958
-1.0032122276399493
-1.00071342430978
-0.9999553923959915
-0.9998656867438436
-0.9998385166538958
-0.9996228545524851
-0.9998385166538958
-1.0001185751461201
-1.0001837979768284
-0.9998385166538958
-1.0004805984066762
-0.9998385166538958
-1.0028017227994985
-1.0028426268494985
-0.9998385166538958
-1.0010804607272146
-1.0029342360039757
-1.000301405921089
-0.9996607651182721
-1.0000861243468036
-1.0002069621239533
-0.9999097948067522
-0.9998385166538958
-1.0005879160530955
-1.000292777298347
-1.0010171908954013
-1.0002432349636208
-1.002481095977503
-1.0013180658107814
-1.000816930008749
-0.9998385166538958
-0.9981715719503486
-1.0021485032423825
-0.9998385166538958
-1.0003827238573304
-1.0108800339382933
-1.0038616353070453
-1.0040824201770442
-0.9998385166538958
-1.0001279932027456
-1.00066765780727
-1.0015144270930711
-1.0006777492745411
-1.0002711672512064
-1.0052784863707385
-0.9998385166538958
-1.0023492389391406
-1.0024612424276982
-0.9998385166538958
-1.000170610974447
-1.0001869239781205
-0.9998385166538958
-1.0012773413753377
-0.9997393914317373
-0.9998385166538958
-0.9998385166538958
-1.0030460402524575
-1.0004508567730763
-0.9998385166538958
-0.9998385166538958
-0.9998385166538958
-0.9998385166538958
-1.001136881376012
-0.9998385166538958
-1.0010001542281008
-1.001754547360079
-0.9998385166538958
-0.9998385166538958
-0.9998385166538958
-0.999908427617827
-1.0004961952621194
-1.0001303851220533
-0.9997070269704398
-1.0044830384176646
-1.0012090393847748
-1.0061086176554492
-1.0017931606515011
-1.0024939467003824
-1.0001703036132745
-0.9997271569671761
-0.9998385166538958
-1.0006100698537885
-1.0006489169767985
-1.0005503600390548
-0.9998330326544314
-0.9998385166538958
-0.9998385166538958
-1.0033905762422313
-0.9998385166538958
-1.0012077565425748
-0.9998385166538958
-1.0007227886552523
-1.000371571222626
-1.0004418733113722
-1.000312657812234
-1.000556449753795
-1.00001872080187
-1.0001254473007437
-1.0028485595950074
-1.0028426268494985
-1.0002593538177065
-1.0003569968914263
-0.9998385166538958
-1.003525196926541
-1.0028426268494985
-0.9998385166538958
-1.0008505926920996
-1.0015639231118805
-1.001515963339202
-0.999481031622195
-1.003348423943728
-1.0002153428188132
-1.0003524277670561
-0.9998385166538958
-1.0026495427206168
-1.0011149318844836
-0.9998385166538958
-0.9991290905490572
-0.9993787649819524
-1.0003417323975197
-1.0018411436095733
-1.0099395566367142
-0.9991485585557717
-0.9988774335426724
-1.0004034844631113
-0.9998385166538958
-1.0006906511819889
-1.0013665327205175
-1.0000247277410255
-0.9998385166538958
-0.9998385166538958
-1.0008877712896784
-0.9998385166538958
-0.9998385166538958
-0.9998385166538958
-0.9998385166538958
-0.9998385166538958
-0.9995720436835781
-0.9996605931843738
-0.9998385166538958
-1.001461298245327
-1.005278486370755
-0.9998385166538958
-0.9992655231273874
-0.9998385166538958
-1.005387480375317
-0.9998385166538958
-0.9998385166538958
-0.9998385166538958
-1.0009382357027827
-0.9998385166538958
-1.0008614669559828
-1.0013961184034683
-0.9998385166538958
-0.9997464700105565
-0.9998385166538958
