-1.0468832676829174
-1.0434720960365644
-1.0609547540412925
-1.0003311291701134
-1.0003311291701134
-1.0003311291701134
-0.9714579718229074
-1.0746618657358946
-1.0035510543830057
-1.0482187115331925
-1.0786502226353025
-1.0381852344277174
-1.0911237857525486
-1.0531271024536635
-1.0291015405599553
-0.9832636226006355
-0.9790475426911317
-1.0369905023442272
-1.0455971192525335
-1.0376421329043142
-1.0690265485607318
-1.0644697997169101
-1.0569934541720645
-1.094112435799142
-1.079230487442156
-1.0284959237134697
-1.043674795151272
-1.1000732579501198
-1.085310506632864
-1.058721392218196
-1.036435388758388
-1.0135169807047322
-1.0465483120230354
-1.0529881695225796
-1.0474449958121321
-1.0683342776331535
-0.9790995449016474
-0.9265351540739262
-0.9483482883019456
-1.078744571168656
-0.8896624219422465
-1.0626978879216562
-1.0362606306760425
-1.004749247413353
-1.0922903005504216
-1.0922903005504216
-1.0903119515812107
-1.039429821868657
-1.0422622456414397
-1.0938800462567144
-1.0730113095298928
-1.089166215704104
-1.1290530340952185
-1.0788305391776534
-1.1198115548855647
-1.0542003060139948
-1.0596428736075694
-1.0215411775374923
-1.0713643191724296
-1.061711187962503
-1.0323052432622017
-1.049678163297296
-0.9896987716699741
-1.0265170977006992
-1.0610086248691493
-0.9172809662910208
-1.036305219278832
-1.0124793187912848
-1.052251433589254
-1.0198489414881102
-0.9869446090014021
-1.005431381262447
-0.9030746238352712
-1.0481575139027979
-0.8771020087076258
-1.1036072856193422
-1.0785545076619647
-1.1104029527786727
-1.0606182219350955
-1.0253572439685497
-1.1109476342109164
-1.030166515522858
-1.0384548120302644
-0.9329002561181118
-1.033695413478842
-1.0368642222838527
-1.085263961089438
-1.082158520663826
-1.1031402310960154
-0.9863633561069949
-1.066614581752324
-1.046977999677219
-1.1144579585688252
-1.107363543471501
-1.0007518034273535
-1.0841999453047686
-1.0346912292094583
-1.1206655089097164
-1.0621310871676846
-0.9922049612821707
-1.0489938246287505
-1.0352369978423002
-1.0819018156320637
-0.9876132748754819
-1.0567862095174305
-1.0838683843449894
-1.1310675827110823
-1.1128262025978446
-1.0646797324418658
-1.0568152070408003
-1.0605581109984752
-1.0718109458472531
-1.0662214374736843
-1.0833149592244713
-1.0758759843617374
-1.0831015823427985
-1.078791315844923
-1.076754271715728
-1.1017406700616577
-1.0343631158639635
-1.0190684919235027
-1.0558199672519508
-1.0688692007594272
-1.0079290876785034
-1.1005744762245586
-1.0664929980445037
-1.1125001296085697
-1.035710562985496
-1.057349594612158
-1.027050978696806
-1.127803274387312
-1.1060036869032168
-1.0907506487850416
-1.0498744385298477
-0.9833722915213959
-1.0298030292437002
-1.0142371536851715
-1.03984962315844
-1.0281609989924427
-1.0803146557400658
-0.9952792520757486
-1.0912377505979702
-1.016443832642568
-1.0407166243935055
-1.0216626849887371
-1.0873180001512561
-0.9762352114948206
-1.098504735495635
-1.084495463593328
-1.0837212351579024
-1.0501035281030173
-1.0460423613099785
-1.0003311291701134
-1.0726873666012604
-1.075676751604115
-1.0275300337154865
-0.999114232602418
-1.0275300337154865
-1.0549830936686646
-1.0648036847136049
-1.0167138691877093
-1.085387291567442
-1.093266220717392
-1.0437434543147879
-0.9947289889599467
-1.0293015237226868
-1.0460488145687608
-1.1470753319313347
-1.0853299838910397
-1.1083867462679518
-1.042344274286726
-1.089318588294333
-1.0667370973982353
-1.0727887570354016
-0.9757663333095008
-1.0181915973351903
-1.0269561257228563
-1.0818911770361759
-1.121691592449329
-1.10600927494306
-1.0535301849615657
-1.0606671758070239
-0.6796818129772707
-1.0036023621283936
-1.0243011835024223
-1.0184244055317764
-1.0003311291701134
-1.0829041194410784
-1.0870199483906406
-1.0003311291701134
-0.9957517510800631
-1.0164689673966238
-1.0378633025058468
-0.9949002908622346
-1.0785606575298163
-1.0003311291701134
-1.0856437871231068
-0.9907419485587043
-1.0512014898858808
-0.9767439070936128
-1.097640049937108
-1.1036114498095821
-1.0656085079923172
-1.050263991213152
-1.034419426948224
-1.031159482905348
-1.0535173226473666
-1.0485031933132716
-1.0737972827482982
-1.030809944364715
-1.079451926506035
-0.9462201454540053
-1.0496625743543446
-1.1241821346355843
-0.9711077511176732
-1.0836794837881139
-1.0592746990318136
-1.0332079429179948
-1.039376186509421
-1.082808707936717
-1.0003311291701134
-0.7781785513268344
-0.976281698464325
-1.0116380154759257
-0.9180168699664213
-1.0833131047650015
-0.9539628705319605
-0.9735804201972371
-1.0442893444893373
-0.9613950623543228
-1.0233202732202686
-1.0634326825583702
-1.0075629997295534
-1.0463820906158858
-1.0374915957697295
-0.9939917699589433
-1.0623311243733464
-1.13060939111868
-0.9646784567577794
-0.9998955501930027
-0.9998955501930027
-1.1196469556620205
-1.1019155775255898
-1.000065027849154
-1.0983609053315393
-1.0385276553324423
-1.0771145044235364
-1.168118508434383
-1.0716648263039756
-0.9541993962643222
-0.9797968595597409
-0.9401556367385101
-1.0718262705260218
-1.1037685024513693
-1.1203753082696184
-1.0397236633797662
-0.805470305729374
-1.1177054926636072
-0.9923307092638827
-1.0781197351488472
-1.0475718332951038
-1.101098082291223
-1.048861098109681
-1.030394753702372
-1.0225345662675254
-1.063992983892364
-1.046647299131132
-1.0503966727656298
-0.9904742153090305
-1.0625275542222214
-1.0572098060898203
-1.0549120161255192
-1.1164282874008
-0.875192366801623
-1.0156862922045116
-1.019010781454928
-1.048613239292993
-1.0851605840937264
-1.0397430757242832
-1.039512310822294
-1.160991061342439
-1.0667644393883466
-1.093647085678822
-1.0431052845367146
-1.0313108799534736
-1.0925645259135242
-1.0916169611905433
-1.1039575430732163
-1.0428421631377756
-1.0044326376894062
-1.0732578925147842
-0.9547813892940246
-1.0554621527474943
-1.1386057313863582
-1.0078549748311154
-1.0655877932323339
-1.0327691215824337
-1.0812761268897069
-1.050702227666148
-0.9654012551217686
-1.0573641606602924
-1.0572575029670288
-1.0568476177635469
-1.0003311291701134
-1.000065027849154
-1.0347529270044928
-1.1134275760227663
-1.0379814587841762
-1.0379168799143919
-1.0266226569596018
-1.0009554074701965
-1.070474104123292
-1.0581207285315954
-1.1566862483074414
-1.1315881111360453
-0.9626787416799316
-1.0363057078619238
-1.0614298320964295
-1.09480129714056
-0.9009487722258511
-1.0295558630015642
-1.0724161601680442
-1.0580095055388261
-1.0836026971815358
-0.9998177693512215
-1.05122062728585
-1.1413228609631696
-1.0870293992206668
-0.9849637591666281
-1.1005529318693634
-1.0388283646858942
-1.1293618459267818
-1.0514839949003318
-1.1030976425654566
-1.114378559174662
-1.0831480362525303
-1.105481759783002
-1.0956025644079388
-1.101458017172213
-1.0987971088432136
-1.1063013858513349
-1.0285909022955735
-1.0127238634465479
-1.073854367749336
-1.067765874554913
-1.0253508107197151
-1.0136567750930545
-1.0275026868379238
-0.9961975008506226
-1.0956212830751921
-1.1070475112902125
-1.0343746675239498
-1.0751286191605944
-0.9777885728628717
-0.9967232418738746
-1.0484961390349337
-0.9356657339909206
-1.081441182191924
-1.0217189379689855
-1.1191369467404346
-1.000065027849154
-1.0632660103052645
-0.8408619273731032
-1.1057897636916982
-1.06793367311325
-0.9207759410722295
-1.1057066548535994
-1.04312333868898
-1.0616532630249678
-1.077049088854264
-1.0768481139008532
-1.0954738685462444
-1.1010804827235305
-1.073049924923984
-1.1169213426799791
-1.0772148964365231
-1.051166240729948
-1.04198156050421
-1.026661155955772
-0.9589488137385179
-1.0003311291701134
-1.0490669587681305
-1.0321774484695467
-1.1277528173826625
-1.0243090277910747
-1.096770600457302
-1.0475281604324138
-1.089901835272011
-1.0841675729927462
-1.1477585911172694
-1.080163617580753
-1.0124639380637113
-1.068314868720852
-1.0459759677282587
-0.43070985250934823
-1.0501936227171977
-1.0817997628983929
-1.0237009841114704
-0.883525214684173
-1.0689191926770456
