-1.0005137068050627
-1.0026216208762508
-1.0013097655109275
-0.9996207585579301
-0.9996207585579301
-0.9996207585579301
-1.002260323958834
-0.9998884276609201
-0.9996664193683262
-1.0024953600487385
-1.0016318998249836
-1.000380387001365
-1.0003113418742444
-1.0138437962205673
-1.0018108085237207
-1.0005343805598992
-0.9992808030473339
-1.000355236420178
-1.0006746928717603
-1.000712911889669
-1.0075820307236323
-1.0074976093358816
-0.9999560955844463
-1.0019080498680335
-1.0010026520204078
-1.0007413609297129
-1.0016336139412665
-1.0010989227896405
-1.0017722837506104
-1.0008849964452473
-1.000982277972635
-1.0005715830286759
-1.0074932438299187
-1.0074239683058468
-1.0075498733490016
-1.0075676059905903
-0.999884932241647
-0.9997803540146177
-0.9999137933038359
-1.0005225134317572
-0.9989054866254984
-1.0008409448314215
-1.001073061647976
-1.0028650781113897
-1.011633534880032
-1.011633534880032
-1.000523840796049
-0.9999962114599237
-1.0003479074415966
-1.0022408685863182
-1.000251910263895
-1.0005994880059998
-1.0022855768624481
-1.0128008034513325
-1.0101641985343155
-0.9991181922115613
-1.001383384410488
-1.000477423302407
-1.0076995467538306
-1.0075554028367018
-1.0002084352800247
-1.000500877209491
-0.9998092901017362
-1.0000079507793993
-1.000203202470788
-0.9990886557269598
-1.000002314772884
-1.000800204801338
-1.0000541374141194
-1.0005564471917059
-1.0003223419297878
-1.0002276278726807
-1.000409680555101
-1.0001139323497181
-0.9997319882524179
-1.0011822393036482
-1.012739373512447
-1.0119472518862909
-1.0017483228690758
-1.003090790517882
-1.0109206726162974
-1.002550038289839
-0.9996577089402032
-0.9998302769515381
-0.9998337159426498
-0.9999416682031429
-1.0013348891806328
-1.0005805299614292
-1.0081392342174889
-1.0002907524729259
-1.0141809275915015
-1.0003414686365175
-1.00112877013242
-1.0002885690547325
-1.0000184872915365
-1.0009898798240315
-1.0007984331498916
-0.9999259698456715
-1.0004423840771375
-1.0001149495473143
-0.999945682956021
-1.0002387702930489
-1.009285089957189
-0.9998013149412862
-1.000353929423007
-1.0025734628821055
-1.0002419421771127
-1.0025902973286986
-1.000585263075203
-1.000448058134158
-1.0075457342903738
-1.0077044452977064
-1.0142120992008636
-1.0104938109652108
-1.0075498730443466
-1.0085857285811262
-1.0092357923848667
-1.0123777715538116
-0.999835055764279
-1.0004137728532116
-1.0000177574454239
-1.0002796428454346
-1.0004917069810122
-1.0000420755882788
-1.0006569583733795
-1.0004449113515097
-1.001072484610876
-1.000310487674672
-1.0014069934973748
-1.0002933014528776
-1.0008273334933726
-1.0001023047068838
-1.000089165998514
-1.0024781931899522
-1.000183883510024
-1.0002083599449012
-1.0008620393078242
-1.0003317439829353
-1.0001706294351724
-1.0004069552711812
-1.000072318265302
-1.000061317554474
-1.0037600794332655
-1.0001947539433105
-1.0021297837280556
-1.0133104437665286
-0.9995009106600617
-1.0005907321980074
-1.0010678890159854
-1.0010286110577897
-1.0002399320360333
-1.001506379265432
-0.9996207585579301
-0.9998542095737902
-1.0007909768134802
-1.0005304675072821
-0.9995765968763293
-1.0005304675072821
-1.0001086407619142
-1.0008831998789476
-1.0000553774675704
-1.000116966107394
-1.0002672851251595
-0.9997739857620386
-1.000326376394324
-1.000147946309161
-1.0006527591896865
-1.0041407208908133
-1.0033482005003447
-1.0010105303818126
-1.0003186729102533
-0.9998519833932762
-1.0011407758736657
-1.0008711190258779
-1.0002069899153323
-0.9997486085258631
-1.0003058238705655
-1.00098116754492
-1.0005880923318937
-1.007677078780499
-0.9997262091873256
-0.9998582085062582
-0.9974109113992807
-0.9997914026172126
-1.0006544274353302
-0.9998475430245263
-0.9996207585579301
-1.0096076603259698
-1.0011289412864606
-0.9996207585579301
-1.0004053833854107
-1.000396393180899
-1.001123198592661
-0.9997967376448121
-1.0011672312882203
-0.9996207585579301
-1.00728534193145
-1.0001344767716378
-1.0001363927353675
-0.9998960550501848
-1.0018086004877138
-1.0002841428723974
-1.0002422547937035
-1.0008063071603281
-0.9996324447874676
-1.0008320193039013
-1.001319165888118
-1.0001781712778015
-1.001300271945912
-0.9999907718170707
-1.0111385825033516
-1.0008372067416564
-0.99988856887923
-1.0012522811677618
-0.9998604052854703
-1.000278694804102
-1.0001370273516181
-1.0006126435063325
-0.9997441476950157
-1.0003078809104844
-0.9996207585579301
-0.9980839359209595
-0.9996739207226152
-0.9994007890968323
-1.0007594458864955
-1.0003224952935628
-1.0012068328520902
-1.0001188386667237
-1.000453578974561
-1.000357488003884
-0.9999178803378308
-1.000275006120017
-1.0009545240789182
-1.000093404064748
-1.0082900186231152
-1.00029555777961
-0.9997803903406572
-1.0016082286573265
-1.0010797266923919
-1.0000068136620204
-1.0000068136620204
-1.0044352682490483
-1.0001780909510258
-1.000304463693821
-1.0003812876184193
-1.0006890475764068
-1.0003482795512422
-1.0040651426966474
-1.0004516001880441
-1.0014794453429379
-0.9995729778370027
-0.9993546590048534
-1.0002815546530326
-1.001204574298447
-1.0009214965452782
-1.0009527114804304
-0.9990318423483744
-1.0017320189668872
-1.0003768808615048
-1.0015911328181626
-1.001038319821378
-1.0009341586477107
-1.0004351652516523
-0.9996637439285943
-1.0012946980528168
-1.0002403534600826
-0.9998168704391434
-1.0040735050300285
-0.9997851874899393
-1.0006240354879141
-1.000308817749406
-1.0003558502289387
-1.000186598238759
-0.998606506359304
-1.0004245599225254
-1.001754303408643
-1.0012243968958687
-0.9999826527509127
-1.0009084394556953
-0.9998453892908153
-1.000757837720042
-1.0004843243692276
-1.0005738399949111
-1.001962684546605
-1.0002825511658897
-1.0008844569305904
-1.0077524442073709
-1.000112691780962
-1.0008386886981517
-1.0003741033947804
-1.0005283818121087
-1.0013137488235029
-1.0004739868126211
-1.0005185706008475
-1.0008854749594416
-1.014254160845919
-0.9999739969059507
-1.0059242995513134
-1.0074996045394506
-1.0006108703463512
-1.0001642758689413
-1.000756210350264
-1.0013394235820339
-0.9996207585579301
-1.000304463693821
-1.0023719076215087
-1.0001899523090974
-1.0001619303103455
-1.0010606527144779
-1.0001856359752113
-1.0020268779919823
-1.001685899626583
-1.0074600993515044
-1.002107973332024
-1.0001901452185864
-1.000055247632778
-1.000654416000415
-1.004547909356778
-1.0108572267176306
-0.9971705773934312
-1.0005238777162204
-1.001761057929638
-1.0003657713899208
-1.001142430702795
-1.000554924225339
-1.0075419577288471
-1.0000532739325858
-1.0009422602323128
-1.0007110249792928
-0.9999905186370449
-1.0008878954106837
-1.0007695210257497
-1.0005829096310346
-1.0026680127826124
-1.0005983103446732
-1.0037936422670892
-1.004527442825035
-1.0047260217137333
-1.0031003254801463
-1.003460275432109
-1.0043537625963619
-1.0023066193069725
-1.000151950702639
-1.000215434230121
-1.0002944795374376
-0.9997723134674034
-1.0022153661841016
-0.9997802183828269
-0.9999130200718518
-1.0023206030450056
-1.0005261722755643
-1.0004425392746397
-1.0026193947083546
-0.9998393142899811
-1.0001850679913125
-1.0013914610187509
-1.000400910794383
-1.0007595086438528
-1.0006098741561527
-1.0061870997668647
-1.000304463693821
-1.000532000959204
-0.9988540768145592
-1.0123144052950623
-1.0003092870487005
-0.9984602501393927
-1.0041317448811018
-1.0002940703490903
-1.0023797868123427
-1.0079206998036572
-1.01270001625132
-1.0005622125206455
-1.0006718483919523
-1.0006608804165185
-1.000887000794851
-1.00250119565953
-1.0000651359953943
-1.0017959289184486
-1.0015377369644196
-1.0004180692225417
-0.9996207585579301
-1.0056656929058418
-0.9995467132441068
-1.0009538734908268
-1.0005143733279986
-1.0011715265961207
-1.0026308147196916
-1.0013213889240384
-1.0003385494717447
-1.0056949807889033
-1.0004650845858891
-1.001404698225742
-1.0075517626602344
-1.0009275309232424
-0.9837270859289681
-1.001499538835517
-1.0111955309486116
-1.0012478391313442
-0.99887763110199
-1.0004248979526613
