-0.8413033631696423
-1.544444277150538
-0.924767047967112
-1.1977351946334212
-1.1977351946334212
-1.1977351946334212
-1.23350157218656
-1.2138552827878237
-1.4242135986953959
-1.1643454928833392
0.39980983165921824
-1.249288250743132
-1.2425028019147801
-1.150349336177218
-1.004435071611599
-1.090837990357831
-1.0444839679238582
-1.0736840008228405
-1.1689266662281566
-0.9723369301840523
-0.915389504425044
-0.9098797086498686
-1.2403804135115162
-1.0648875098255843
-1.4162259242958053
-0.93171787088538
-1.158283466928603
-1.0645691416290275
-1.0602626477800265
-1.398330321183633
-1.3209841988792832
-1.7190948351619637
-1.0124059114750297
-0.9875210702857948
-0.9985916744704362
-0.9132315807421544
-1.1712126230213
-1.1810037120708579
-1.1602624066614298
-1.2333623598361667
-1.1254799534330526
-1.1654218322696417
-0.6939645573344876
-1.1101690094918126
-1.1916569582035035
-1.1916569582035035
-1.3838474571948456
-1.1332704856166096
-1.3136701977200358
-1.3107976949840006
-1.1704191950791039
-1.308074712219432
-1.0831045350931967
-1.1060982772230077
-0.9898676460210133
-1.122403837098033
-1.3032939097527787
-1.6174444694590897
-0.9187894990661144
-0.9255198588896614
-1.1591943771576747
-0.8472563205405076
-0.9777166984409491
-1.1869145522351667
-1.0992671838315151
-1.274264862318999
-1.3682318672298694
-1.328108130954431
-1.1432119984686606
-1.1472978612059026
-1.0780421448002788
-1.2566024824710715
-1.2659879444672097
-1.2921221262643336
-1.360854125956038
-1.4978851983091517
-1.1415227453370371
-1.100708143712701
-1.6422428988638589
-1.160056989574013
-1.1003115238984527
-1.1449814221642987
-1.1421457512533888
-1.2212320453043022
-1.149072359333671
-1.1552597687125874
-1.2307618567170193
-1.5216571662855363
-1.0430540624592544
-1.2757833199752886
-1.1719454003012413
-1.2060307951325138
-1.3124063063679146
-0.29185495684346274
-0.7225950845273734
-0.9574410495840928
-0.47372495228995803
-1.1993502212034384
-1.2395718066051848
-1.3761050944950437
-0.9690619130799027
-1.1979928902971881
-1.0877894195750248
-1.2871525600048828
-1.1731996796136102
-1.306171625992394
-0.9892192527977002
-1.2670129648333
-1.1305674999172826
-1.4786400203691055
-0.9524805705863265
-0.9138819690128724
-1.179171434918603
-1.1512068820920942
-0.9180675833076094
-1.0289815738013794
-1.132316293090805
-1.1833095297869851
-0.8909044785702652
-1.168339973289446
-1.4963487649377938
-1.203297528718584
-1.3886321395307766
-1.4069359080820916
-1.597138249973232
-1.4793884765936849
-1.5474856292607015
-1.127978596432064
-1.136350386785324
-1.1772769424483176
-1.501653021616682
-1.0304137075522641
-1.226079687701668
-1.216535120635323
-1.4664473406935956
-1.0506163476158739
-1.2358321410102044
-1.5904864636109877
-1.1362151299188956
-1.1428456098713573
-1.3026618096220708
-1.186986695283571
-1.2147465239308735
-0.9999524388280241
-1.252702902465528
-1.222783158721871
-1.2255428630516882
-1.404884232577479
-0.7507757893443445
-1.2002722326184057
-1.3796424727683543
-1.5403772175643016
-1.1977351946334212
-1.2955065975476436
-1.3162540199003216
-1.3386860873089783
-1.0243091176613348
-1.3386860873089783
-1.329315103741374
-1.0582114962796845
-1.363308792334689
-1.3871840821666128
-1.3885374833133604
-1.2848618260586675
-1.3011083385701139
-1.2911674435064708
-1.3798026168229804
-0.5238886189114642
-1.2484226668630198
-1.612087572516957
-1.1823046730093767
-1.4269233654018232
-1.0239390358838651
-1.659950097606056
-1.2063741003784942
-1.3387382345344776
-1.2417670396567513
-1.4282453537048434
-1.3723647910139565
-0.9591272449276902
-1.4141455356637467
-1.0279886775526919
-1.2930844281853784
-1.1496880005062244
-1.4585951937334922
-1.1687803570722533
-1.1977351946334212
-1.1039459108915175
-1.4003541140815556
-1.1977351946334212
-1.1213261664551617
-1.4688083885325907
-1.1288417462178584
-1.1894366707311719
0.33889462158676165
-1.1977351946334212
-0.9823523554177522
-1.1739464886288558
-1.2414185086379699
-1.320419235516293
-1.5164603240811934
-1.365172043441736
-0.7983258189893545
-1.1485552199204292
-1.2316844242754135
-1.6528141370129057
-0.9964014937860386
-1.0772727065975938
-0.6436467685756562
-1.050414744269062
-1.1505926678266705
-1.2440746495569575
-1.1617516350355377
-0.5811378402478886
-0.9296404067526158
-1.1294267118628127
-1.3394256071779052
-1.1234787170701641
-1.38307129876593
-1.3491984900070189
-1.1977351946334212
-1.1043718393107462
-1.2050183335375195
-1.228740042205009
-1.335453101510936
-1.0261140352725917
-1.1806443219608993
-1.2506624526479346
-1.0041029672642166
-1.161959381004198
-1.542819179540325
-1.2892080969055786
-1.484241476549874
-1.054531374337131
-1.0698981410055115
-1.1445414256422706
-1.1440683007433337
-1.1655628650429135
-1.3275872255698011
-1.1986457139844404
-1.1986457139844404
-1.245232623508595
-1.249893393764661
-1.0000450012342874
-1.368021473278742
-1.1015608861850952
-1.3445324722564975
-1.373671070338047
-1.6074545126523394
-1.0924504779149562
-1.1573664236636083
-1.3323106073116469
-0.7612833818212346
-1.3221333576064853
-1.2958324674696855
-1.1634987959057665
-1.1804555184047003
-1.5008438671900877
-1.277363233469253
-1.2246121148323306
-1.1148849347679788
-0.2510103216395936
-1.7609860639344992
-1.3091855945182296
-1.266990088002929
-1.496662938896952
-1.3757084603591472
-1.0827867527467618
-1.3640816519097831
-1.1013328538078895
-1.254085573941432
-1.2634634768929947
-1.0083447476087302
-1.2276088043393358
-1.2254092182642018
-1.2764848745786381
-1.1634200648585422
-1.2521139036519362
-1.0410240213983177
-0.9117220765188578
-1.1291003076464066
-1.2775557558500679
-0.9460816948461088
-1.2395287714687906
-1.2313342618418242
-1.335888749850794
-0.9908746124251212
-1.0995306257114525
-1.0978892264778117
-1.3391991248151605
-1.1511771087870724
-1.326582842065165
-1.2183720707229084
-1.5792661516711393
-1.2865621098214484
-1.1753354736014183
-1.164130717666639
-1.036640146313843
-0.9925037824463236
-1.2277262556780235
-0.9863389197105141
-1.553668713027907
-1.1154650966364212
-1.1977351946334212
-1.0000450012342874
-0.9245929392487469
-1.0483384662511954
-1.102208366671337
-1.2847737121030862
-1.0688825870276824
-1.2622565052279633
-1.2244442669408158
-1.1603706498464281
-1.2415749407639036
-1.2654518308239582
-1.172777525960398
-0.9538211236211713
-0.885082081777662
-1.1827775895520265
-1.1243768792710636
-1.5454710190380587
-1.0748571365522763
-1.7016457479407152
-1.2493653023684224
-1.1566926261391173
-0.9891057222528461
-1.267384025161954
-1.2314947918155914
-1.3065814057974414
-1.0603800774979264
-1.2256256363269724
-1.315404188593074
-1.1492101455821966
-1.2513059324138602
-1.2703377093940285
-1.3122378165668729
-1.2974580538961962
-1.2825325740165967
-1.294983581288387
-1.2500766522057534
-1.2895470878092024
-1.350391103126036
-1.6087762053771804
-1.534381285319455
-1.2281703432700715
-1.3980957621053027
-1.1874135187119452
-1.0891020418900503
-1.2000464555793218
-1.361775493087439
-1.2854883299450928
-1.0957152443496876
-1.1408673855784557
-1.1861167313355765
-1.2323831018149234
-1.0919425017353828
-1.0808298562805378
-1.116491475756801
-1.283860476324568
-1.2529043298331715
-1.0000450012342874
-1.1646743767135788
-1.1390957934062338
-0.9579013578878218
-1.4191677718697355
-0.9361128849340029
-1.1733309571756583
-1.2279165861330812
-1.1021880492153746
-0.9344954065368565
-1.1879383402531964
-1.0793956472439532
-1.5210776114767055
-1.492492346150518
-1.4382246356620187
-1.1734285675399079
-1.0784932267824971
-1.24296439646571
-1.75260147241473
-0.7050553807013609
-1.1977351946334212
-1.1163380613960148
-1.201060991497652
-1.1558996288360044
-1.2346714661675113
-1.1429090977681695
-1.6110021033577953
-1.361244857033262
-0.6604762276783668
-1.1335632248210412
-1.0706452758601404
-1.1183155006528243
-1.1765020224770104
-0.9523057080977053
-1.1552771868496503
-1.2553005345530752
-1.165401151675875
-1.191306877201693
-0.8989691884879842
-1.2621310118263096
