-0.9861241834470962
-1.1034637086436223
-0.995209213378043
-1.0254290803397303
-1.0254290803397303
-1.0254290803397303
-1.0311791597618696
-1.0403652031256003
-1.0451178975478668
-1.0252988269057737
-0.9145676938250614
-1.0597270516379247
-1.0519173731349367
-1.0275013202797132
-0.9998555522347213
-1.0167978661300738
-1.0080714481026818
-1.0159184621487798
-1.0316961278691008
-0.987533337934573
-0.9992826049335684
-0.9993849409468052
-1.0307955837162097
-1.0091972231348834
-1.057381043302129
-0.9804143761347106
-1.03948215466407
-1.025686440797086
-1.0244048629123224
-1.0494436119632313
-1.0882030696561995
-1.0742717129996984
-1.0004709635099092
-0.9993023587357344
-1.0000531979216953
-0.9994809850697037
-1.030757182359715
-1.0333275689217398
-1.034095719764018
-1.0183782398195016
-1.0202701927356168
-1.0209356575278519
-0.9596732685180447
-1.012741304303391
-1.0217326832277291
-1.0217326832277291
-1.0639330235977342
-1.0328742378622517
-1.038573417343828
-1.0397793218727243
-1.0301615480841133
-1.034943331511415
-1.0266988027432324
-1.0123426009446561
-1.0022231244135784
-1.0447474635427363
-1.1225672139919105
-1.059847753214041
-0.9992522654735638
-0.9995759674044961
-1.0254911840155352
-0.9974415746404721
-1.0086249705066295
-1.009079543725356
-1.0207011841767715
-1.0156434140937516
-1.0316076409205197
-1.049850860772695
-1.0150959450350037
-1.0330604772075438
-1.0392350518435667
-1.0759032400870703
-1.0494086033354901
-1.0634278110121254
-1.084449003020537
-1.127153866783245
-1.0140738572976042
-1.006088359513558
-1.1288398361527587
-1.0559062705719653
-1.0062877977715838
-1.016235528048358
-1.050163239230406
-1.0539827809101308
-1.048833030131466
-1.0522657664541604
-1.0317373677698183
-1.0578285424832574
-0.9995954967918325
-1.041082354149451
-1.029890382967147
-1.0409791218427695
-1.0605912961675843
-0.9625635038432878
-0.974326290890529
-1.0030896599706467
-0.9663428345840225
-1.0520284525524342
-1.0233451944963878
-1.0428720234853839
-1.011727341373566
-1.048626423853815
-1.0026992684128206
-1.0735720036459515
-1.0426260806166008
-1.0554811854312343
-1.0329568505439979
-1.0490274575793237
-1.0211889220608492
-1.0603703279714187
-0.9998827202548477
-0.9992285873473682
-1.0301548930400175
-1.008797714356389
-0.9977738780924614
-1.001622138533155
-1.0080567494553472
-1.0188400410797684
-1.0071624463270692
-1.022414916921564
-1.0611982742749708
-1.0428788989151974
-1.0900086397982904
-1.083251990314373
-1.1029690209350993
-1.1013010824876246
-1.0566947724578235
-1.0221085194040134
-1.016351865274448
-1.0226086969195398
-1.0690204022572216
-1.0113655026097157
-1.0376537159886152
-1.0397864516377207
-1.048361909441149
-1.0020117895942184
-1.0512276422360278
-1.0574702553552964
-1.0257302563579285
-1.0332196667887295
-1.0466688411897196
-1.0373840712600866
-1.0299432026767077
-0.9928736272974268
-1.0567709677097974
-1.030377110131424
-1.0456104784932185
-1.076716637832455
-1.0002836411928127
-1.0521214675226842
-1.1188937977297506
-1.1208340379815325
-1.0254290803397303
-1.065380845198988
-1.0417827207239414
-1.045461783045047
-0.9993600436860792
-1.045461783045047
-1.0719107498126685
-1.0132207868634475
-1.053042270213735
-1.0449066030616572
-1.0461784481768843
-1.0388476290378583
-1.0444590482413023
-1.0444892671379986
-1.056494088062403
-0.937921777168501
-1.0456141103357455
-1.0993668500701705
-1.0266962838621212
-1.059571634296692
-1.0135303117097036
-1.1103917118979414
-1.0420402797807191
-1.0332758760869731
-1.0531486138409016
-1.0525559552286023
-1.0502318689349024
-0.9992531347355202
-1.0641372414911343
-1.0114466208793946
-1.05013922600342
-1.0285648229042965
-1.0448071344540182
-1.023907042207583
-1.0254290803397303
-1.005536026870828
-1.1029561487065784
-1.0254290803397303
-1.0229137242487445
-1.051713030629032
-1.025989678078973
-1.0283808924921352
-0.934783697473929
-1.0254290803397303
-0.9961360052118094
-1.0628752845970495
-1.0489195866143306
-1.0435412407657019
-1.1221542920317165
-1.065172700298838
-0.9747534643071174
-1.026935878568811
-1.0495529168230022
-1.1364469939975663
-1.0064837441265237
-1.007095349513911
-0.9775517267843531
-1.0110352754220653
-1.012215511383343
-1.0363999618072337
-1.0501589215191465
-0.9588537246619896
-0.9959993027316814
-1.0419994272271524
-1.0594889626910515
-1.0236723361146054
-1.0434151787254184
-1.0398885217536056
-1.0254290803397303
-1.0196768819829458
-1.034689426925211
-1.0299250855711422
-1.075299672324596
-1.041190338199928
-1.0506159666157306
-1.0459148340422955
-1.0275082524826165
-1.0355526339850936
-1.1018942594546055
-1.0489039390841528
-1.0597456681963
-1.0206869588044212
-1.006180984263015
-1.029309770068718
-1.0204012183452893
-1.0051966573335867
-1.0544722758552973
-1.022034621906883
-1.022034621906883
-1.0440696114584251
-1.0490197121118539
-0.9996814874491269
-1.0444421106565573
-1.032570349902833
-1.0366115664592892
-1.0690505342231955
-1.078900643668927
-1.0223523682282245
-1.0375954593734598
-1.0534309187877866
-0.9699838641543147
-1.0355179990247318
-1.0569547277002844
-1.0206890890935423
-1.0532353808194888
-1.1170650949856478
-1.0330093497280868
-1.0275790194336882
-1.00903916718142
-0.9721845026621839
-1.1278973059639155
-1.062528754923997
-1.0435290882836414
-1.0577243876140048
-1.0591867497764853
-1.0116712551853637
-1.0715187183656585
-1.0155649475374484
-1.027498853165711
-1.0212904418773778
-1.0210738974992701
-1.0627417389846519
-1.0570897809269222
-1.055898358614443
-1.0356630243297964
-1.0226675286065339
-0.9737838593072102
-1.0045328636579924
-1.059075945202372
-1.060884991140177
-0.9923209924995984
-1.0488200410020823
-1.0598659880458077
-1.050254169480394
-0.9997092228708314
-1.0214648412691343
-1.0035523868181464
-1.0415703416959052
-1.0416631156326717
-1.045718811372111
-1.0450126047587895
-1.0624351136192463
-1.0369709997478436
-1.0307531439305757
-1.052455207369483
-1.000122880592233
-1.000243180562411
-1.0241899338235658
-1.0232814904635907
-1.100330165792657
-1.0284302065807012
-1.0254290803397303
-0.9996814874491269
-0.953309002050573
-1.0074973546830144
-1.0152816728470577
-1.0408787145152978
-1.011735925142998
-1.0499697509102868
-1.0471414977184312
-1.0328013395207973
-1.030180920981981
-1.0319056499255295
-1.015667981624289
-1.0021320666205442
-0.9994803494635208
-1.0158773604560825
-1.05244586995688
-1.0863601298817056
-1.012540355985883
-1.1015794423059608
-1.0295783880799747
-1.051714435835748
-0.9999539698276313
-1.0350409126414366
-1.0497216528047528
-1.0390132740713995
-1.0172198534017356
-1.0300604914119784
-1.0232871718401952
-1.0107355521026267
-1.0319854180742827
-1.0698951828792413
-1.0423988563793416
-1.0447866245073176
-1.0452695602601934
-1.0453238077293143
-1.0387764393971013
-1.0501645876926586
-1.0487068159337762
-1.112999655241902
-1.0569790495405131
-1.057246679641798
-1.0553415348696906
-1.047400039250836
-1.0065213228481749
-1.047325774504639
-1.050877105277707
-1.04749375776733
-1.014768515953293
-1.013312861825371
-1.0283271905180609
-1.061484734531911
-1.0187319465766684
-1.0082231879696613
-1.0192135581920359
-0.9770247626388356
-1.0298686084510595
-0.9996814874491269
-1.0328330083178558
-1.0204164591656506
-0.994744977771718
-1.0943137344845395
-0.9941610081566634
-1.043529238300332
-1.0541084460751793
-1.0070976449984954
-0.999204753793649
-1.0207188444329562
-1.0099840998365093
-1.0893398702401713
-1.0742096015403637
-1.06899484037941
-1.0470155280591946
-1.0263090021188246
-1.0588037547062281
-1.1631343146660378
-0.9536782848567011
-1.0254290803397303
-1.0283757810167273
-1.0286740483757986
-1.052155691186266
-1.067849431338422
-1.0102765533786164
-1.14483647081609
-1.0530827123298936
-0.9813309427675811
-1.0126294232925965
-1.0176047903268675
-1.0372945122883035
-1.0365222743649878
-0.9965839764878098
-1.0581174814311618
-1.0462059992892283
-1.0123961215710446
-1.0249480282181656
-1.0034130174673832
-1.0577040829591708
