-1.1644092261023022
-1.0153506469287135
-1.0401449815096118
-0.9999394515936031
-0.9999394515936031
-0.9999394515936031
-1.0287836202022038
-0.9706763669987593
-0.9922197054633729
-1.022931137749965
-1.019901124816175
-0.9932850235141097
-0.9672888820973162
-1.0474007884520915
-1.0672763317892404
-1.1480381541938094
-0.9122943048130128
-1.0682220872640873
-0.9951079528440214
-1.088973752256722
-1.0457087708350126
-1.044786693635732
-1.0153502677617163
-1.0876645761468673
-1.0165077868430323
-1.028792089451053
-1.0395904751655107
-1.1156338277257332
-1.0767768761424439
-1.075771573195952
-1.0360106786831371
-1.0310892529030968
-1.0416489290710222
-1.0426793383580233
-1.0437004664730365
-1.045175328638544
-1.0050779121971098
-1.0210449522339042
-1.027862081688038
-1.0968475663074888
-1.0189928284700485
-1.0683414464329157
-1.0100456843631311
-1.0516080741078473
-1.068056704222766
-1.068056704222766
-1.0486059519606503
-1.0805579958811662
-1.056246798546017
-1.05880619372292
-0.9720526041388486
-1.044648615438825
-1.066131176647309
-0.9820315081103478
-1.0137332855535859
-1.0197160317841338
-1.0569401943636663
-0.9945906564157324
-1.0453215813108174
-1.043960625798223
-1.1348069157009708
-1.0371343225225629
-1.1130212609769454
-1.0659056444344208
-1.0644730769991333
-1.0379199698030732
-0.9942929378519693
-1.0255739018036931
-1.0328213555074566
-1.0906759755902997
-1.0304639641159214
-0.9011034689600205
-0.9773090450041668
-1.040510499329078
-1.0171579721364952
-1.019361595562646
-1.018462130568539
-1.0183927189488808
-1.075239621465637
-1.0167257550425186
-1.0488201984842012
-1.0409004444926042
-1.0266811253828656
-1.045373825115598
-1.03734980604768
-1.023467472714726
-0.9853761248488735
-0.9845700486807335
-1.0557590935869996
-1.0554160922041242
-1.054957899242771
-0.959269273350729
-1.0381965246712979
-1.0053465644606692
-1.0553791234201586
-1.0316292311718986
-1.0596133819520233
-1.030942219332914
-1.074345344477172
-1.0850554807574946
-1.059012328225349
-1.0771772357685165
-1.0690340524331425
-0.9889898559303547
-0.9491739725618082
-1.0558339575329585
-1.0482313789600224
-1.0174817741726074
-0.9551830921708876
-0.9760016878716029
-1.0454118543259874
-1.0451927004454962
-1.0599060070333572
-1.0723155802083588
-1.0573836560635295
-1.0543153913890335
-1.0581972995107107
-1.0687987321867445
-1.1869091742579188
-0.9634147623573129
-1.0347284891733355
-1.0915993782044944
-0.9668820511971266
-1.005204631310858
-1.0536838121508525
-1.0549343566598275
-1.0624413834272668
-1.0659309529335685
-0.9975650774934438
-1.0354674420562107
-0.9747090759124979
-1.0422771525670895
-0.9565946275535361
-0.9562619923788879
-0.9227310481880524
-0.9579917186518464
-1.0707603405413808
-0.9949186822330035
-0.8945611277350705
-1.135703391422893
-0.9263842310313564
-0.9025660069758598
-0.9703684682136882
-1.0980764290627278
-1.0394428427453983
-1.0400960093728577
-1.045564599707284
-1.0595423325172697
-1.0004291376938468
-0.9845342183259009
-1.0649162902139744
-1.0932667351818335
-0.9999394515936031
-1.0504319396418709
-1.0324905615561302
-0.9701887339698597
-1.0411129861857649
-0.9701887339698597
-1.0764766044372642
-1.1329402977877479
-1.04666254900035
-0.99988962847593
-0.8863897061664439
-1.0296566426986213
-0.9411242949277513
-0.9721964527970374
-0.9448700737497047
-1.0952535682556923
-0.9860925449005788
-0.9785832228689038
-0.8144465197266952
-0.9697806547858787
-1.0123158279963138
-0.9643180471446519
-0.9979222100146619
-0.9672895468363122
-1.0648472022158293
-1.0352019768740126
-1.0315018510823657
-1.0600974599343802
-0.9998146969151145
-0.9766589823955943
-1.0835923649021646
-0.8742014711438604
-1.0556610418919776
-1.0516072483317158
-0.9999394515936031
-1.0632923530246658
-1.0388472468730783
-0.9999394515936031
-1.055611422916805
-1.043561952979322
-0.9997484835171445
-0.999621729201511
-0.9759644629041755
-0.9999394515936031
-1.0569997085126601
-0.9969545693635873
-1.0576387151164206
-0.9745161257591121
-1.067538571805159
-1.0163118926107213
-1.1028992919500402
-0.9963646743727568
-1.0179876020674146
-1.0145502071134695
-1.0098935050790674
-1.0350800866155683
-1.1197737743668528
-1.1989900518332248
-1.0677416884649986
-0.9533726213241877
-1.0315965984147424
-1.1140480535267883
-1.1104976421450645
-1.0534078085754344
-0.9715466708905484
-1.0438157710281812
-1.082636075854032
-1.0305002945493595
-0.9999394515936031
-0.8731943059923537
-0.9271588391634368
-0.8571161404949161
-1.041180123512747
-1.0543243246163423
-1.026591975466839
-1.1274412677184709
-1.0144624420241999
-1.1100617592301818
-0.9783891927096693
-0.930774109496649
-0.9716063503633566
-1.0765096065061837
-1.0140425165127902
-0.9974783045092948
-1.077451856531653
-0.958067941261263
-0.9822696598305951
-0.9998570051906646
-0.9998570051906646
-1.0491994316016255
-0.9528959107591402
-1.0514617148045788
-0.9977234518197925
-1.1163365220210741
-1.0051443617156142
-0.9727875441937955
-0.9738299187147015
-1.0844849960757386
-1.073750158978164
-0.9726073328096518
-1.0940034759087256
-0.9960567118933019
-1.084379435544311
-1.0423875131580922
-1.0339459397996165
-1.0239231250410592
-1.061816480099237
-1.018117087832121
-1.05466384363901
-1.0863512739576002
-0.992525206049055
-0.9689377853801272
-0.9757529143782854
-0.9521476944538544
-1.0639700748000767
-1.038106716319392
-1.097815812898018
-1.0455828554309587
-1.0595073352783415
-1.0134917521124633
-1.0948837568443108
-1.00189446884889
-0.9966844487136943
-1.049948602868715
-1.0975227565195116
-0.9531291696587978
-1.0361998001246042
-1.099400827803059
-1.1124772207288953
-1.0211013394180881
-1.1348753830213276
-1.0625464098869393
-1.0519777570847235
-1.067824079028888
-1.0518217504162466
-1.0261071751346422
-1.0526581455787918
-0.9827293793865306
-1.0845657225112848
-1.0678804721500044
-1.105651866880764
-1.0298047037121982
-0.999681117122049
-1.0572025913094576
-1.0245609371480608
-1.0562295619392037
-1.0456758478315187
-1.0631214459833933
-1.0796591924512766
-1.046500385477536
-1.003833090584811
-0.9999394515936031
-1.0514617148045788
-1.0458855801933276
-1.0128332386985204
-1.0064616735081342
-1.0194450943794715
-0.9994558048552431
-1.060571340951253
-0.9782969658216473
-1.0300863488296899
-1.1122194858350092
-1.046698261278775
-0.9433440858813549
-1.0162855796034433
-1.045462211597476
-1.0620441926721755
-0.9662147725897912
-1.0093051730514666
-1.0976762830095668
-1.045179143135988
-0.9722730820228945
-1.0345287760689965
-1.0453409154691222
-0.9979724699118311
-1.0306123469374755
-1.0477831446465156
-1.0153761420318286
-1.0381199555570866
-0.9905117605061857
-1.0379065693260203
-1.0345186982916048
-1.0061761021640898
-0.9984154623300195
-0.9931562412781204
-1.0057837578800666
-1.0635714182778468
-1.0226884448192612
-1.0126785630766997
-0.9823887036449506
-1.0482374067589812
-1.0176586192473256
-1.047770621960161
-1.0422144153842288
-1.0940337532912618
-0.9629686533976555
-1.025965814957555
-1.0718227258454127
-1.075753814187593
-1.0261732479572252
-1.0044072512875803
-1.0343945640268666
-1.0009586466919058
-0.9857114161146694
-0.9833107723582726
-1.046926568652297
-1.0371698127019289
-1.0600249440186635
-1.0514617148045788
-0.9425594021827677
-0.9864980576830656
-0.9586210304580105
-0.9252945826588406
-0.9944359163762246
-0.9878535528106464
-1.0511015593744681
-1.0592164997698748
-1.0494693575351481
-1.0703422810217065
-1.063506291616197
-1.0298916874610793
-1.0630502422128172
-1.017086585964858
-0.9382281109139904
-1.029411584641097
-1.049352548048391
-1.0925616922038197
-1.1299676914680552
-0.9999394515936031
-1.044334167736261
-1.1365232700494228
-1.0429855620866133
-0.9564670899829667
-0.9625086823256732
-1.0369126285399635
-1.0084493471533926
-1.142366116778092
-1.1084266803395342
-1.0993658782953342
-1.0907881566550084
-1.0521699131858944
-1.031897386369837
-1.000893083957109
-1.0971175635286117
-1.0677632883834733
-1.0781994364188228
-0.9530559279233205
-0.9610358996173838
