-1.0011166595678245
-1.0004495499477555
-1.0007357836755055
-1.0006802300171738
-1.0006802300171738
-1.0006802300171738
-1.001215173971686
-0.9998836452640698
-0.9999989313724043
-1.0007438848402912
-1.000078749850916
-1.0013084234395415
-0.9998350174415191
-1.0052112262592132
-1.0021485770273069
-1.0010975591141356
-0.9982837103110695
-1.0020336348143535
-0.9998757126029775
-1.0007748171339856
-1.013893597452784
-1.0140779524970602
-1.0001262746274395
-1.0017656010076248
-1.0001181370076748
-1.000914979107358
-1.0006324033297758
-1.0008891650184464
-1.001381100857726
-1.000429251050155
-1.000583929445975
-0.999947570480325
-1.0143905560831166
-1.014264046025644
-1.014423989703133
-1.0138698990028248
-0.9999834892115324
-1.000098208529159
-1.0003583504860458
-1.000319201995957
-1.0001195394693507
-1.0005561197896295
-0.99971913553866
-1.0026268869124437
-1.0056684600191421
-1.0056684600191421
-1.0000538375219907
-1.0009871333576106
-1.000233007877005
-1.0004873916951622
-1.0002708803966094
-1.0002496928491826
-1.0014878609262245
-1.0002530751980254
-1.0010859699512744
-1.006574779936663
-1.001113633961847
-0.9999433160770212
-1.0132761359267508
-1.0139092408260115
-1.0015501951619958
-1.0001446432577126
-1.0007917127050447
-1.0004955307933046
-1.000766522975399
-1.00156503599089
-0.9998308030460412
-1.0002396331593075
-1.0000307694577728
-1.000370385414282
-1.0006752393972647
-1.0000205258341754
-1.0003741891415951
-1.000565218401066
-1.0000192719683305
-1.0003411232094148
-1.0008642807569044
-1.001896628290258
-1.0014499133760988
-1.0044946360006928
-1.00471275403208
-1.0009597261000038
-1.0070485222023626
-1.0006122441612977
-1.0072391074712874
-1.0071943659426856
-1.0000867772155968
-0.9997816183155256
-1.0110755714250006
-0.9999093079257628
-1.0056383317483126
-1.0002283049250393
-1.0001716501041695
-1.001242949457065
-1.0007787621985134
-1.000493826645
-1.0009010346573433
-1.0001385019694293
-1.0000832660519032
-1.0003768965547044
-1.000299440179307
-1.0005822134206932
-1.010023468059229
-1.0005909213274826
-1.0005908987189431
-1.0009971297864402
-1.0005393648368974
-1.0005120576069917
-0.9996146541749757
-0.9997700521460978
-1.014233976067244
-1.013386595503042
-1.0057263690110183
-1.0085304281663336
-1.0132275564680655
-1.0110820306814794
-1.0091123076284392
-1.007007104591257
-1.0012631728560248
-0.9999474644228664
-0.999875976998543
-1.000901843196142
-0.9998985329371668
-0.9997869573953748
-1.0003312813319931
-1.0005346415335619
-1.0005713031207215
-1.0005822396439514
-1.00063505319332
-1.000183268366801
-0.9995605196521608
-1.0016429984353938
-0.999978458333163
-0.9999537818111539
-0.9996135535959211
-0.9996785132049629
-1.000777900227216
-0.9999607976186591
-0.9997497020127665
-1.0021145077063955
-0.9999587092571665
-0.9996281813078398
-1.0007512974560533
-1.0007153903401607
-1.0008190372954262
-1.0048037918668693
-1.0006790641699417
-1.000217502669942
-0.9999044724497372
-1.00025626190493
-1.0001959647905723
-1.0010562450343699
-1.0006802300171738
-1.0003261014805795
-1.0006931161201296
-0.999986674463031
-1.0002259138234673
-0.999986674463031
-1.0006325984637283
-1.0024279472153652
-1.0000994771021272
-1.000179330498976
-0.9996105694815967
-1.000075495395677
-0.9997275884113531
-0.9998137804820777
-0.9997815866086321
-1.0033727284581926
-0.9996355122949984
-0.9996954882058565
-0.999199285802532
-0.9996272723351648
-1.0007518831102211
-0.9997969430519367
-1.0000802553597061
-1.000318245204056
-1.0004580925492965
-1.0005745403148207
-1.0000989219148702
-1.0131951945610909
-1.0003658707938041
-1.0001856928467139
-1.0015664797131403
-0.9994299622459754
-1.0003020630251453
-1.000307984828103
-1.0006802300171738
-1.0096966939863354
-1.0004992408762492
-1.0006802300171738
-1.0004897917350084
-1.0000510869076893
-0.9998855738435403
-0.999630017416045
-1.0001320453762852
-1.0006802300171738
-1.0123086391020406
-1.0003691231012588
-1.0005918170914394
-0.9998964974417132
-1.000397348349599
-0.999761500250457
-1.0013137732748776
-1.0000075108456787
-1.0006346779554718
-1.0003102649369957
-1.0004875799835782
-1.0001471705606673
-1.0007829958509986
-1.002249461305221
-1.0081050539968988
-1.000164252344789
-1.007284684515269
-1.001128844187748
-1.0014560094021472
-1.000582337716153
-1.0008595010287893
-1.0009983112162648
-1.0002050540240455
-1.0000093666053451
-1.0006802300171738
-0.9993628844556149
-0.9995936194554564
-0.999347244968049
-0.999950696555884
-1.0007950307941758
-1.0012406352226222
-1.0023839806722301
-1.0008914057744256
-1.0021279952676705
-0.9998722301899433
-0.9996840438761834
-0.999840431856595
-1.000208166187695
-1.0008495200126482
-0.9999365569275982
-1.000268138854889
-0.9996424046031999
-1.0000787045613437
-0.999896659910655
-0.999896659910655
-1.000062869112988
-1.0000866286526269
-1.0043792129458038
-0.9999604385536155
-1.0007137517215194
-0.9999274422687027
-0.9996893240693803
-0.9996287041431757
-1.001232591738802
-1.000638639021479
-0.9996301439495485
-1.0009284183517173
-0.9996723600311362
-1.0002071442634568
-1.0000626924440121
-1.0021597914007772
-1.0002692915712617
-1.0006055563929652
-1.0002270659139663
-1.0016456768296271
-1.0021173473063896
-0.9995699298978769
-1.0000814943106175
-0.9995377634249919
-0.999984982304373
-1.0003442862347074
-1.0012173276162915
-1.0002133005814884
-1.0002825976482375
-1.000561921446712
-1.0003319084709985
-1.0009490257501439
-1.0001464547032204
-1.0016827577223006
-1.0014070078022486
-1.0011552713257594
-1.0000559939989042
-0.9997414041570405
-1.001594325076684
-1.0004900642224648
-1.0007588277050954
-1.0018165057131785
-1.0013746129527346
-1.0014468521087931
-1.0010817290833791
-1.0121930997686515
-1.0032596916983856
-1.000374447864338
-0.9999752208328881
-1.000302690457826
-1.0007402827900642
-1.001835134111205
-1.000192276913224
-0.9998424413892061
-1.0056782484888245
-1.0072557166325526
-1.0125300542297655
-1.014396704939054
-1.00071320596868
-1.0002406305635014
-1.000294572372591
-1.0012490062922903
-1.0006802300171738
-1.0043792129458038
-1.0014665896484347
-1.0000428214917358
-0.9997024374597316
-1.0002414217669862
-0.9997245461026791
-1.001640733108963
-1.0000422503807052
-1.0019587833532495
-1.0024725217709962
-0.9999141555278948
-1.0000293807024245
-1.000780095835109
-1.0039630866394593
-1.0074819728455577
-1.0005193952467086
-1.000371843187223
-1.0023327179779442
-1.0000390103116767
-0.9996209504223081
-1.002524478325077
-1.0143862596087625
-0.9999760393812503
-1.000182728000044
-1.0001440147653589
-1.0004136160111203
-1.0000110944015705
-0.9998626877197931
-1.0010805974890977
-1.000902792603251
-1.0001537830894243
-0.999855294831373
-0.9997246705072074
-0.9999593922919835
-1.0000350449830606
-1.0000873154277214
-1.000001680252992
-1.0000131393460359
-1.000396001269186
-0.9999673332677863
-1.0004869604955346
-0.9998823002554672
-1.0018156302831183
-0.9988045819610779
-1.0015843211310425
-1.001270086537756
-1.0005421159441796
-1.0005585818755838
-1.0014337653776337
-1.000717977211544
-1.000792771112569
-1.0004187032191156
-1.0001649832116246
-1.0006257540909935
-1.0010191299617648
-1.0054346348129455
-1.0043792129458038
-0.9997628863239553
-0.9993865829579087
-0.999395612603706
-0.9996423767461086
-0.9996058259980952
-1.0005823664714906
-1.0006142333535732
-1.0026617335085124
-1.012773871679181
-1.0067629455243008
-1.0016836957926705
-0.9999573096774399
-1.0004111116543812
-1.00054701208689
-0.9997349614881118
-1.0002307703418207
-1.0023896770820717
-1.0010624475163916
-1.0015256255550138
-1.0006802300171738
-1.0020006792571543
-1.0002706766288714
-1.0003676061893438
-1.000437696548897
-1.0001082213407775
-1.0014406520526613
-1.0005483784285691
-1.0012056648071157
-1.004340554719306
-1.0009998997378822
-1.000898634979462
-1.0024655572497396
-1.0005260799951479
-1.0007752900786167
-1.0014479327807595
-1.0079998702005626
-1.0012134281891654
-0.998947984075253
-0.9995107012450722
